package configuration for libxslt is not found
package configuration for libxml-2.0 is not found
package configuration for libiconv is not found
find_header: checking for libxml/parser.h... -------------------- yes

"gcc -o conftest -I/usr/local/rvm/rubies/ruby-2.0.0-p353/include/ruby-2.0.0/x86_64-linux -I/usr/local/rvm/rubies/ruby-2.0.0-p353/include/ruby-2.0.0/ruby/backward -I/usr/local/rvm/rubies/ruby-2.0.0-p353/include/ruby-2.0.0 -I. -I/root/rails_projects/sample_app/vendor/bundle/ruby/2.0.0/gems/nokogiri-1.6.0/ports/x86_64-redhat-linux/libxml2/2.8.0/include/libxml2 -I/root/rails_projects/sample_app/vendor/bundle/ruby/2.0.0/gems/nokogiri-1.6.0/ports/x86_64-redhat-linux/libxml2/2.8.0/include -I/root/rails_projects/sample_app/vendor/bundle/ruby/2.0.0/gems/nokogiri-1.6.0/ports/x86_64-redhat-linux/libxslt/1.1.26/include     -O3 -fno-fast-math -ggdb3 -Wall -Wextra -Wno-unused-parameter -Wno-parentheses -Wno-long-long -Wno-missing-field-initializers -Wunused-variable -Wpointer-arith -Wwrite-strings -Wdeclaration-after-statement -Wimplicit-function-declaration  -fPIC  -g -DXP_UNIX -O3 -Wall -Wcast-qual -Wwrite-strings -Wconversion -Wmissing-noreturn -Winline -DNOKOGIRI_USE_PACKAGED_LIBRARIES -DNOKOGIRI_LIBXML2_PATH='"/root/rails_projects/sample_app/vendor/bundle/ruby/2.0.0/gems/nokogiri-1.6.0/ports/x86_64-redhat-linux/libxml2/2.8.0"' -DNOKOGIRI_LIBXSLT_PATH='"/root/rails_projects/sample_app/vendor/bundle/ruby/2.0.0/gems/nokogiri-1.6.0/ports/x86_64-redhat-linux/libxslt/1.1.26"' conftest.c  -L. -L/usr/local/rvm/rubies/ruby-2.0.0-p353/lib -Wl,-R/usr/local/rvm/rubies/ruby-2.0.0-p353/lib -L/root/rails_projects/sample_app/vendor/bundle/ruby/2.0.0/gems/nokogiri-1.6.0/ports/x86_64-redhat-linux/libxml2/2.8.0/lib -Wl,-R/root/rails_projects/sample_app/vendor/bundle/ruby/2.0.0/gems/nokogiri-1.6.0/ports/x86_64-redhat-linux/libxml2/2.8.0/lib -L/root/rails_projects/sample_app/vendor/bundle/ruby/2.0.0/gems/nokogiri-1.6.0/ports/x86_64-redhat-linux/libxslt/1.1.26/lib -Wl,-R/root/rails_projects/sample_app/vendor/bundle/ruby/2.0.0/gems/nokogiri-1.6.0/ports/x86_64-redhat-linux/libxslt/1.1.26/lib -L. -fstack-protector -rdynamic -Wl,-export-dynamic -Wl,-rpath,/root/rails_projects/sample_app/vendor/bundle/ruby/2.0.0/gems/nokogiri-1.6.0/ports/x86_64-redhat-linux/libxml2/2.8.0/lib -Wl,-rpath,/root/rails_projects/sample_app/vendor/bundle/ruby/2.0.0/gems/nokogiri-1.6.0/ports/x86_64-redhat-linux/libxslt/1.1.26/lib     '-Wl,-rpath,/../lib' -Wl,-R -Wl,/usr/local/rvm/rubies/ruby-2.0.0-p353/lib -L/usr/local/rvm/rubies/ruby-2.0.0-p353/lib -lruby  -lpthread -lrt -ldl -lcrypt -lm   -lc "
In file included from /usr/local/rvm/rubies/ruby-2.0.0-p353/include/ruby-2.0.0/ruby.h:33,
                 from conftest.c:1:
/usr/local/rvm/rubies/ruby-2.0.0-p353/include/ruby-2.0.0/ruby/ruby.h: In function ‘rb_float_value’:
/usr/local/rvm/rubies/ruby-2.0.0-p353/include/ruby-2.0.0/ruby/ruby.h:777: warning: negative integer implicitly converted to unsigned type
/usr/local/rvm/rubies/ruby-2.0.0-p353/include/ruby-2.0.0/ruby/ruby.h:777: warning: negative integer implicitly converted to unsigned type
conftest.c: In function ‘main’:
conftest.c:3: warning: unused parameter ‘argc’
conftest.c:3: warning: unused parameter ‘argv’
checked program was:
/* begin */
1: #include "ruby.h"
2: 
3: int main(int argc, char **argv)
4: {
5:   return 0;
6: }
/* end */

"gcc -E -I/usr/local/rvm/rubies/ruby-2.0.0-p353/include/ruby-2.0.0/x86_64-linux -I/usr/local/rvm/rubies/ruby-2.0.0-p353/include/ruby-2.0.0/ruby/backward -I/usr/local/rvm/rubies/ruby-2.0.0-p353/include/ruby-2.0.0 -I. -I/root/rails_projects/sample_app/vendor/bundle/ruby/2.0.0/gems/nokogiri-1.6.0/ports/x86_64-redhat-linux/libxml2/2.8.0/include/libxml2 -I/root/rails_projects/sample_app/vendor/bundle/ruby/2.0.0/gems/nokogiri-1.6.0/ports/x86_64-redhat-linux/libxml2/2.8.0/include -I/root/rails_projects/sample_app/vendor/bundle/ruby/2.0.0/gems/nokogiri-1.6.0/ports/x86_64-redhat-linux/libxslt/1.1.26/include     -O3 -fno-fast-math -ggdb3 -Wall -Wextra -Wno-unused-parameter -Wno-parentheses -Wno-long-long -Wno-missing-field-initializers -Wunused-variable -Wpointer-arith -Wwrite-strings -Wdeclaration-after-statement -Wimplicit-function-declaration  -fPIC  -g -DXP_UNIX -O3 -Wall -Wcast-qual -Wwrite-strings -Wconversion -Wmissing-noreturn -Winline -DNOKOGIRI_USE_PACKAGED_LIBRARIES -DNOKOGIRI_LIBXML2_PATH='"/root/rails_projects/sample_app/vendor/bundle/ruby/2.0.0/gems/nokogiri-1.6.0/ports/x86_64-redhat-linux/libxml2/2.8.0"' -DNOKOGIRI_LIBXSLT_PATH='"/root/rails_projects/sample_app/vendor/bundle/ruby/2.0.0/gems/nokogiri-1.6.0/ports/x86_64-redhat-linux/libxslt/1.1.26"'  conftest.c -o conftest.i"
checked program was:
/* begin */
1: #include "ruby.h"
2: 
3: #include <libxml/parser.h>
/* end */

--------------------

find_header: checking for libxslt/xslt.h... -------------------- yes

"gcc -E -I/usr/local/rvm/rubies/ruby-2.0.0-p353/include/ruby-2.0.0/x86_64-linux -I/usr/local/rvm/rubies/ruby-2.0.0-p353/include/ruby-2.0.0/ruby/backward -I/usr/local/rvm/rubies/ruby-2.0.0-p353/include/ruby-2.0.0 -I. -I/root/rails_projects/sample_app/vendor/bundle/ruby/2.0.0/gems/nokogiri-1.6.0/ports/x86_64-redhat-linux/libxml2/2.8.0/include/libxml2 -I/root/rails_projects/sample_app/vendor/bundle/ruby/2.0.0/gems/nokogiri-1.6.0/ports/x86_64-redhat-linux/libxml2/2.8.0/include -I/root/rails_projects/sample_app/vendor/bundle/ruby/2.0.0/gems/nokogiri-1.6.0/ports/x86_64-redhat-linux/libxslt/1.1.26/include     -O3 -fno-fast-math -ggdb3 -Wall -Wextra -Wno-unused-parameter -Wno-parentheses -Wno-long-long -Wno-missing-field-initializers -Wunused-variable -Wpointer-arith -Wwrite-strings -Wdeclaration-after-statement -Wimplicit-function-declaration  -fPIC  -g -DXP_UNIX -O3 -Wall -Wcast-qual -Wwrite-strings -Wconversion -Wmissing-noreturn -Winline -DNOKOGIRI_USE_PACKAGED_LIBRARIES -DNOKOGIRI_LIBXML2_PATH='"/root/rails_projects/sample_app/vendor/bundle/ruby/2.0.0/gems/nokogiri-1.6.0/ports/x86_64-redhat-linux/libxml2/2.8.0"' -DNOKOGIRI_LIBXSLT_PATH='"/root/rails_projects/sample_app/vendor/bundle/ruby/2.0.0/gems/nokogiri-1.6.0/ports/x86_64-redhat-linux/libxslt/1.1.26"'  conftest.c -o conftest.i"
checked program was:
/* begin */
1: #include "ruby.h"
2: 
3: #include <libxslt/xslt.h>
/* end */

--------------------

find_header: checking for libexslt/exslt.h... -------------------- yes

"gcc -E -I/usr/local/rvm/rubies/ruby-2.0.0-p353/include/ruby-2.0.0/x86_64-linux -I/usr/local/rvm/rubies/ruby-2.0.0-p353/include/ruby-2.0.0/ruby/backward -I/usr/local/rvm/rubies/ruby-2.0.0-p353/include/ruby-2.0.0 -I. -I/root/rails_projects/sample_app/vendor/bundle/ruby/2.0.0/gems/nokogiri-1.6.0/ports/x86_64-redhat-linux/libxml2/2.8.0/include/libxml2 -I/root/rails_projects/sample_app/vendor/bundle/ruby/2.0.0/gems/nokogiri-1.6.0/ports/x86_64-redhat-linux/libxml2/2.8.0/include -I/root/rails_projects/sample_app/vendor/bundle/ruby/2.0.0/gems/nokogiri-1.6.0/ports/x86_64-redhat-linux/libxslt/1.1.26/include     -O3 -fno-fast-math -ggdb3 -Wall -Wextra -Wno-unused-parameter -Wno-parentheses -Wno-long-long -Wno-missing-field-initializers -Wunused-variable -Wpointer-arith -Wwrite-strings -Wdeclaration-after-statement -Wimplicit-function-declaration  -fPIC  -g -DXP_UNIX -O3 -Wall -Wcast-qual -Wwrite-strings -Wconversion -Wmissing-noreturn -Winline -DNOKOGIRI_USE_PACKAGED_LIBRARIES -DNOKOGIRI_LIBXML2_PATH='"/root/rails_projects/sample_app/vendor/bundle/ruby/2.0.0/gems/nokogiri-1.6.0/ports/x86_64-redhat-linux/libxml2/2.8.0"' -DNOKOGIRI_LIBXSLT_PATH='"/root/rails_projects/sample_app/vendor/bundle/ruby/2.0.0/gems/nokogiri-1.6.0/ports/x86_64-redhat-linux/libxslt/1.1.26"'  conftest.c -o conftest.i"
checked program was:
/* begin */
1: #include "ruby.h"
2: 
3: #include <libexslt/exslt.h>
/* end */

--------------------

have_func: checking for iconv_open() in iconv.h... -------------------- yes

"gcc -o conftest -I/usr/local/rvm/rubies/ruby-2.0.0-p353/include/ruby-2.0.0/x86_64-linux -I/usr/local/rvm/rubies/ruby-2.0.0-p353/include/ruby-2.0.0/ruby/backward -I/usr/local/rvm/rubies/ruby-2.0.0-p353/include/ruby-2.0.0 -I. -I/root/rails_projects/sample_app/vendor/bundle/ruby/2.0.0/gems/nokogiri-1.6.0/ports/x86_64-redhat-linux/libxml2/2.8.0/include/libxml2 -I/root/rails_projects/sample_app/vendor/bundle/ruby/2.0.0/gems/nokogiri-1.6.0/ports/x86_64-redhat-linux/libxml2/2.8.0/include -I/root/rails_projects/sample_app/vendor/bundle/ruby/2.0.0/gems/nokogiri-1.6.0/ports/x86_64-redhat-linux/libxslt/1.1.26/include     -O3 -fno-fast-math -ggdb3 -Wall -Wextra -Wno-unused-parameter -Wno-parentheses -Wno-long-long -Wno-missing-field-initializers -Wunused-variable -Wpointer-arith -Wwrite-strings -Wdeclaration-after-statement -Wimplicit-function-declaration  -fPIC  -g -DXP_UNIX -O3 -Wall -Wcast-qual -Wwrite-strings -Wconversion -Wmissing-noreturn -Winline -DNOKOGIRI_USE_PACKAGED_LIBRARIES -DNOKOGIRI_LIBXML2_PATH='"/root/rails_projects/sample_app/vendor/bundle/ruby/2.0.0/gems/nokogiri-1.6.0/ports/x86_64-redhat-linux/libxml2/2.8.0"' -DNOKOGIRI_LIBXSLT_PATH='"/root/rails_projects/sample_app/vendor/bundle/ruby/2.0.0/gems/nokogiri-1.6.0/ports/x86_64-redhat-linux/libxslt/1.1.26"' conftest.c  -L. -L/usr/local/rvm/rubies/ruby-2.0.0-p353/lib -Wl,-R/usr/local/rvm/rubies/ruby-2.0.0-p353/lib -L/root/rails_projects/sample_app/vendor/bundle/ruby/2.0.0/gems/nokogiri-1.6.0/ports/x86_64-redhat-linux/libxml2/2.8.0/lib -Wl,-R/root/rails_projects/sample_app/vendor/bundle/ruby/2.0.0/gems/nokogiri-1.6.0/ports/x86_64-redhat-linux/libxml2/2.8.0/lib -L/root/rails_projects/sample_app/vendor/bundle/ruby/2.0.0/gems/nokogiri-1.6.0/ports/x86_64-redhat-linux/libxslt/1.1.26/lib -Wl,-R/root/rails_projects/sample_app/vendor/bundle/ruby/2.0.0/gems/nokogiri-1.6.0/ports/x86_64-redhat-linux/libxslt/1.1.26/lib -L. -fstack-protector -rdynamic -Wl,-export-dynamic -Wl,-rpath,/root/rails_projects/sample_app/vendor/bundle/ruby/2.0.0/gems/nokogiri-1.6.0/ports/x86_64-redhat-linux/libxml2/2.8.0/lib -Wl,-rpath,/root/rails_projects/sample_app/vendor/bundle/ruby/2.0.0/gems/nokogiri-1.6.0/ports/x86_64-redhat-linux/libxslt/1.1.26/lib     '-Wl,-rpath,/../lib' -Wl,-R -Wl,/usr/local/rvm/rubies/ruby-2.0.0-p353/lib -L/usr/local/rvm/rubies/ruby-2.0.0-p353/lib -lruby  -lpthread -lrt -ldl -lcrypt -lm   -lc "
In file included from /usr/local/rvm/rubies/ruby-2.0.0-p353/include/ruby-2.0.0/ruby.h:33,
                 from conftest.c:1:
/usr/local/rvm/rubies/ruby-2.0.0-p353/include/ruby-2.0.0/ruby/ruby.h: In function ‘rb_float_value’:
/usr/local/rvm/rubies/ruby-2.0.0-p353/include/ruby-2.0.0/ruby/ruby.h:777: warning: negative integer implicitly converted to unsigned type
/usr/local/rvm/rubies/ruby-2.0.0-p353/include/ruby-2.0.0/ruby/ruby.h:777: warning: negative integer implicitly converted to unsigned type
conftest.c: In function ‘main’:
conftest.c:8: warning: unused parameter ‘argv’
checked program was:
/* begin */
 1: #include "ruby.h"
 2: 
 3: #include <iconv.h>
 4: 
 5: /*top*/
 6: extern int t(void);
 7: int t(void) { void ((*volatile p)()); p = (void ((*)()))iconv_open; return 0; }
 8: int main(int argc, char **argv)
 9: {
10:   if (argc > 1000000) {
11:     printf("%p", &t);
12:   }
13: 
14:   return 0;
15: }
/* end */

--------------------

find_library: checking for xmlParseDoc() in -lxml2... -------------------- yes

"gcc -o conftest -I/usr/local/rvm/rubies/ruby-2.0.0-p353/include/ruby-2.0.0/x86_64-linux -I/usr/local/rvm/rubies/ruby-2.0.0-p353/include/ruby-2.0.0/ruby/backward -I/usr/local/rvm/rubies/ruby-2.0.0-p353/include/ruby-2.0.0 -I. -I/root/rails_projects/sample_app/vendor/bundle/ruby/2.0.0/gems/nokogiri-1.6.0/ports/x86_64-redhat-linux/libxml2/2.8.0/include/libxml2 -I/root/rails_projects/sample_app/vendor/bundle/ruby/2.0.0/gems/nokogiri-1.6.0/ports/x86_64-redhat-linux/libxml2/2.8.0/include -I/root/rails_projects/sample_app/vendor/bundle/ruby/2.0.0/gems/nokogiri-1.6.0/ports/x86_64-redhat-linux/libxslt/1.1.26/include     -O3 -fno-fast-math -ggdb3 -Wall -Wextra -Wno-unused-parameter -Wno-parentheses -Wno-long-long -Wno-missing-field-initializers -Wunused-variable -Wpointer-arith -Wwrite-strings -Wdeclaration-after-statement -Wimplicit-function-declaration  -fPIC  -g -DXP_UNIX -O3 -Wall -Wcast-qual -Wwrite-strings -Wconversion -Wmissing-noreturn -Winline -DNOKOGIRI_USE_PACKAGED_LIBRARIES -DNOKOGIRI_LIBXML2_PATH='"/root/rails_projects/sample_app/vendor/bundle/ruby/2.0.0/gems/nokogiri-1.6.0/ports/x86_64-redhat-linux/libxml2/2.8.0"' -DNOKOGIRI_LIBXSLT_PATH='"/root/rails_projects/sample_app/vendor/bundle/ruby/2.0.0/gems/nokogiri-1.6.0/ports/x86_64-redhat-linux/libxslt/1.1.26"' conftest.c  -L. -L/usr/local/rvm/rubies/ruby-2.0.0-p353/lib -Wl,-R/usr/local/rvm/rubies/ruby-2.0.0-p353/lib -L/root/rails_projects/sample_app/vendor/bundle/ruby/2.0.0/gems/nokogiri-1.6.0/ports/x86_64-redhat-linux/libxml2/2.8.0/lib -Wl,-R/root/rails_projects/sample_app/vendor/bundle/ruby/2.0.0/gems/nokogiri-1.6.0/ports/x86_64-redhat-linux/libxml2/2.8.0/lib -L/root/rails_projects/sample_app/vendor/bundle/ruby/2.0.0/gems/nokogiri-1.6.0/ports/x86_64-redhat-linux/libxslt/1.1.26/lib -Wl,-R/root/rails_projects/sample_app/vendor/bundle/ruby/2.0.0/gems/nokogiri-1.6.0/ports/x86_64-redhat-linux/libxslt/1.1.26/lib -L. -fstack-protector -rdynamic -Wl,-export-dynamic -Wl,-rpath,/root/rails_projects/sample_app/vendor/bundle/ruby/2.0.0/gems/nokogiri-1.6.0/ports/x86_64-redhat-linux/libxml2/2.8.0/lib -Wl,-rpath,/root/rails_projects/sample_app/vendor/bundle/ruby/2.0.0/gems/nokogiri-1.6.0/ports/x86_64-redhat-linux/libxslt/1.1.26/lib     '-Wl,-rpath,/../lib' -Wl,-R -Wl,/usr/local/rvm/rubies/ruby-2.0.0-p353/lib -L/usr/local/rvm/rubies/ruby-2.0.0-p353/lib -lruby -lxml2  -lpthread -lrt -ldl -lcrypt -lm   -lc "
In file included from /usr/local/rvm/rubies/ruby-2.0.0-p353/include/ruby-2.0.0/ruby.h:33,
                 from conftest.c:1:
/usr/local/rvm/rubies/ruby-2.0.0-p353/include/ruby-2.0.0/ruby/ruby.h: In function ‘rb_float_value’:
/usr/local/rvm/rubies/ruby-2.0.0-p353/include/ruby-2.0.0/ruby/ruby.h:777: warning: negative integer implicitly converted to unsigned type
/usr/local/rvm/rubies/ruby-2.0.0-p353/include/ruby-2.0.0/ruby/ruby.h:777: warning: negative integer implicitly converted to unsigned type
conftest.c: In function ‘t’:
conftest.c:5: error: ‘xmlParseDoc’ undeclared (first use in this function)
conftest.c:5: error: (Each undeclared identifier is reported only once
conftest.c:5: error: for each function it appears in.)
conftest.c: In function ‘main’:
conftest.c:6: warning: unused parameter ‘argv’
checked program was:
/* begin */
 1: #include "ruby.h"
 2: 
 3: /*top*/
 4: extern int t(void);
 5: int t(void) { void ((*volatile p)()); p = (void ((*)()))xmlParseDoc; return 0; }
 6: int main(int argc, char **argv)
 7: {
 8:   if (argc > 1000000) {
 9:     printf("%p", &t);
10:   }
11: 
12:   return 0;
13: }
/* end */

"gcc -o conftest -I/usr/local/rvm/rubies/ruby-2.0.0-p353/include/ruby-2.0.0/x86_64-linux -I/usr/local/rvm/rubies/ruby-2.0.0-p353/include/ruby-2.0.0/ruby/backward -I/usr/local/rvm/rubies/ruby-2.0.0-p353/include/ruby-2.0.0 -I. -I/root/rails_projects/sample_app/vendor/bundle/ruby/2.0.0/gems/nokogiri-1.6.0/ports/x86_64-redhat-linux/libxml2/2.8.0/include/libxml2 -I/root/rails_projects/sample_app/vendor/bundle/ruby/2.0.0/gems/nokogiri-1.6.0/ports/x86_64-redhat-linux/libxml2/2.8.0/include -I/root/rails_projects/sample_app/vendor/bundle/ruby/2.0.0/gems/nokogiri-1.6.0/ports/x86_64-redhat-linux/libxslt/1.1.26/include     -O3 -fno-fast-math -ggdb3 -Wall -Wextra -Wno-unused-parameter -Wno-parentheses -Wno-long-long -Wno-missing-field-initializers -Wunused-variable -Wpointer-arith -Wwrite-strings -Wdeclaration-after-statement -Wimplicit-function-declaration  -fPIC  -g -DXP_UNIX -O3 -Wall -Wcast-qual -Wwrite-strings -Wconversion -Wmissing-noreturn -Winline -DNOKOGIRI_USE_PACKAGED_LIBRARIES -DNOKOGIRI_LIBXML2_PATH='"/root/rails_projects/sample_app/vendor/bundle/ruby/2.0.0/gems/nokogiri-1.6.0/ports/x86_64-redhat-linux/libxml2/2.8.0"' -DNOKOGIRI_LIBXSLT_PATH='"/root/rails_projects/sample_app/vendor/bundle/ruby/2.0.0/gems/nokogiri-1.6.0/ports/x86_64-redhat-linux/libxslt/1.1.26"' conftest.c  -L. -L/usr/local/rvm/rubies/ruby-2.0.0-p353/lib -Wl,-R/usr/local/rvm/rubies/ruby-2.0.0-p353/lib -L/root/rails_projects/sample_app/vendor/bundle/ruby/2.0.0/gems/nokogiri-1.6.0/ports/x86_64-redhat-linux/libxml2/2.8.0/lib -Wl,-R/root/rails_projects/sample_app/vendor/bundle/ruby/2.0.0/gems/nokogiri-1.6.0/ports/x86_64-redhat-linux/libxml2/2.8.0/lib -L/root/rails_projects/sample_app/vendor/bundle/ruby/2.0.0/gems/nokogiri-1.6.0/ports/x86_64-redhat-linux/libxslt/1.1.26/lib -Wl,-R/root/rails_projects/sample_app/vendor/bundle/ruby/2.0.0/gems/nokogiri-1.6.0/ports/x86_64-redhat-linux/libxslt/1.1.26/lib -L. -fstack-protector -rdynamic -Wl,-export-dynamic -Wl,-rpath,/root/rails_projects/sample_app/vendor/bundle/ruby/2.0.0/gems/nokogiri-1.6.0/ports/x86_64-redhat-linux/libxml2/2.8.0/lib -Wl,-rpath,/root/rails_projects/sample_app/vendor/bundle/ruby/2.0.0/gems/nokogiri-1.6.0/ports/x86_64-redhat-linux/libxslt/1.1.26/lib     '-Wl,-rpath,/../lib' -Wl,-R -Wl,/usr/local/rvm/rubies/ruby-2.0.0-p353/lib -L/usr/local/rvm/rubies/ruby-2.0.0-p353/lib -lruby -lxml2  -lpthread -lrt -ldl -lcrypt -lm   -lc "
In file included from /usr/local/rvm/rubies/ruby-2.0.0-p353/include/ruby-2.0.0/ruby.h:33,
                 from conftest.c:1:
/usr/local/rvm/rubies/ruby-2.0.0-p353/include/ruby-2.0.0/ruby/ruby.h: In function ‘rb_float_value’:
/usr/local/rvm/rubies/ruby-2.0.0-p353/include/ruby-2.0.0/ruby/ruby.h:777: warning: negative integer implicitly converted to unsigned type
/usr/local/rvm/rubies/ruby-2.0.0-p353/include/ruby-2.0.0/ruby/ruby.h:777: warning: negative integer implicitly converted to unsigned type
conftest.c: In function ‘t’:
conftest.c:5: warning: implicit declaration of function ‘xmlParseDoc’
conftest.c: In function ‘main’:
conftest.c:6: warning: unused parameter ‘argv’
checked program was:
/* begin */
 1: #include "ruby.h"
 2: 
 3: /*top*/
 4: extern int t(void);
 5: int t(void) { xmlParseDoc(); return 0; }
 6: int main(int argc, char **argv)
 7: {
 8:   if (argc > 1000000) {
 9:     printf("%p", &t);
10:   }
11: 
12:   return 0;
13: }
/* end */

--------------------

find_library: checking for xsltParseStylesheetDoc() in -lxslt... -------------------- yes

"gcc -o conftest -I/usr/local/rvm/rubies/ruby-2.0.0-p353/include/ruby-2.0.0/x86_64-linux -I/usr/local/rvm/rubies/ruby-2.0.0-p353/include/ruby-2.0.0/ruby/backward -I/usr/local/rvm/rubies/ruby-2.0.0-p353/include/ruby-2.0.0 -I. -I/root/rails_projects/sample_app/vendor/bundle/ruby/2.0.0/gems/nokogiri-1.6.0/ports/x86_64-redhat-linux/libxml2/2.8.0/include/libxml2 -I/root/rails_projects/sample_app/vendor/bundle/ruby/2.0.0/gems/nokogiri-1.6.0/ports/x86_64-redhat-linux/libxml2/2.8.0/include -I/root/rails_projects/sample_app/vendor/bundle/ruby/2.0.0/gems/nokogiri-1.6.0/ports/x86_64-redhat-linux/libxslt/1.1.26/include     -O3 -fno-fast-math -ggdb3 -Wall -Wextra -Wno-unused-parameter -Wno-parentheses -Wno-long-long -Wno-missing-field-initializers -Wunused-variable -Wpointer-arith -Wwrite-strings -Wdeclaration-after-statement -Wimplicit-function-declaration  -fPIC  -g -DXP_UNIX -O3 -Wall -Wcast-qual -Wwrite-strings -Wconversion -Wmissing-noreturn -Winline -DNOKOGIRI_USE_PACKAGED_LIBRARIES -DNOKOGIRI_LIBXML2_PATH='"/root/rails_projects/sample_app/vendor/bundle/ruby/2.0.0/gems/nokogiri-1.6.0/ports/x86_64-redhat-linux/libxml2/2.8.0"' -DNOKOGIRI_LIBXSLT_PATH='"/root/rails_projects/sample_app/vendor/bundle/ruby/2.0.0/gems/nokogiri-1.6.0/ports/x86_64-redhat-linux/libxslt/1.1.26"' conftest.c  -L. -L/usr/local/rvm/rubies/ruby-2.0.0-p353/lib -Wl,-R/usr/local/rvm/rubies/ruby-2.0.0-p353/lib -L/root/rails_projects/sample_app/vendor/bundle/ruby/2.0.0/gems/nokogiri-1.6.0/ports/x86_64-redhat-linux/libxml2/2.8.0/lib -Wl,-R/root/rails_projects/sample_app/vendor/bundle/ruby/2.0.0/gems/nokogiri-1.6.0/ports/x86_64-redhat-linux/libxml2/2.8.0/lib -L/root/rails_projects/sample_app/vendor/bundle/ruby/2.0.0/gems/nokogiri-1.6.0/ports/x86_64-redhat-linux/libxslt/1.1.26/lib -Wl,-R/root/rails_projects/sample_app/vendor/bundle/ruby/2.0.0/gems/nokogiri-1.6.0/ports/x86_64-redhat-linux/libxslt/1.1.26/lib -L. -fstack-protector -rdynamic -Wl,-export-dynamic -Wl,-rpath,/root/rails_projects/sample_app/vendor/bundle/ruby/2.0.0/gems/nokogiri-1.6.0/ports/x86_64-redhat-linux/libxml2/2.8.0/lib -Wl,-rpath,/root/rails_projects/sample_app/vendor/bundle/ruby/2.0.0/gems/nokogiri-1.6.0/ports/x86_64-redhat-linux/libxslt/1.1.26/lib    -lxml2  '-Wl,-rpath,/../lib' -Wl,-R -Wl,/usr/local/rvm/rubies/ruby-2.0.0-p353/lib -L/usr/local/rvm/rubies/ruby-2.0.0-p353/lib -lruby -lxslt -lxml2  -lpthread -lrt -ldl -lcrypt -lm   -lc "
In file included from /usr/local/rvm/rubies/ruby-2.0.0-p353/include/ruby-2.0.0/ruby.h:33,
                 from conftest.c:1:
/usr/local/rvm/rubies/ruby-2.0.0-p353/include/ruby-2.0.0/ruby/ruby.h: In function ‘rb_float_value’:
/usr/local/rvm/rubies/ruby-2.0.0-p353/include/ruby-2.0.0/ruby/ruby.h:777: warning: negative integer implicitly converted to unsigned type
/usr/local/rvm/rubies/ruby-2.0.0-p353/include/ruby-2.0.0/ruby/ruby.h:777: warning: negative integer implicitly converted to unsigned type
conftest.c: In function ‘t’:
conftest.c:5: error: ‘xsltParseStylesheetDoc’ undeclared (first use in this function)
conftest.c:5: error: (Each undeclared identifier is reported only once
conftest.c:5: error: for each function it appears in.)
conftest.c: In function ‘main’:
conftest.c:6: warning: unused parameter ‘argv’
checked program was:
/* begin */
 1: #include "ruby.h"
 2: 
 3: /*top*/
 4: extern int t(void);
 5: int t(void) { void ((*volatile p)()); p = (void ((*)()))xsltParseStylesheetDoc; return 0; }
 6: int main(int argc, char **argv)
 7: {
 8:   if (argc > 1000000) {
 9:     printf("%p", &t);
10:   }
11: 
12:   return 0;
13: }
/* end */

"gcc -o conftest -I/usr/local/rvm/rubies/ruby-2.0.0-p353/include/ruby-2.0.0/x86_64-linux -I/usr/local/rvm/rubies/ruby-2.0.0-p353/include/ruby-2.0.0/ruby/backward -I/usr/local/rvm/rubies/ruby-2.0.0-p353/include/ruby-2.0.0 -I. -I/root/rails_projects/sample_app/vendor/bundle/ruby/2.0.0/gems/nokogiri-1.6.0/ports/x86_64-redhat-linux/libxml2/2.8.0/include/libxml2 -I/root/rails_projects/sample_app/vendor/bundle/ruby/2.0.0/gems/nokogiri-1.6.0/ports/x86_64-redhat-linux/libxml2/2.8.0/include -I/root/rails_projects/sample_app/vendor/bundle/ruby/2.0.0/gems/nokogiri-1.6.0/ports/x86_64-redhat-linux/libxslt/1.1.26/include     -O3 -fno-fast-math -ggdb3 -Wall -Wextra -Wno-unused-parameter -Wno-parentheses -Wno-long-long -Wno-missing-field-initializers -Wunused-variable -Wpointer-arith -Wwrite-strings -Wdeclaration-after-statement -Wimplicit-function-declaration  -fPIC  -g -DXP_UNIX -O3 -Wall -Wcast-qual -Wwrite-strings -Wconversion -Wmissing-noreturn -Winline -DNOKOGIRI_USE_PACKAGED_LIBRARIES -DNOKOGIRI_LIBXML2_PATH='"/root/rails_projects/sample_app/vendor/bundle/ruby/2.0.0/gems/nokogiri-1.6.0/ports/x86_64-redhat-linux/libxml2/2.8.0"' -DNOKOGIRI_LIBXSLT_PATH='"/root/rails_projects/sample_app/vendor/bundle/ruby/2.0.0/gems/nokogiri-1.6.0/ports/x86_64-redhat-linux/libxslt/1.1.26"' conftest.c  -L. -L/usr/local/rvm/rubies/ruby-2.0.0-p353/lib -Wl,-R/usr/local/rvm/rubies/ruby-2.0.0-p353/lib -L/root/rails_projects/sample_app/vendor/bundle/ruby/2.0.0/gems/nokogiri-1.6.0/ports/x86_64-redhat-linux/libxml2/2.8.0/lib -Wl,-R/root/rails_projects/sample_app/vendor/bundle/ruby/2.0.0/gems/nokogiri-1.6.0/ports/x86_64-redhat-linux/libxml2/2.8.0/lib -L/root/rails_projects/sample_app/vendor/bundle/ruby/2.0.0/gems/nokogiri-1.6.0/ports/x86_64-redhat-linux/libxslt/1.1.26/lib -Wl,-R/root/rails_projects/sample_app/vendor/bundle/ruby/2.0.0/gems/nokogiri-1.6.0/ports/x86_64-redhat-linux/libxslt/1.1.26/lib -L. -fstack-protector -rdynamic -Wl,-export-dynamic -Wl,-rpath,/root/rails_projects/sample_app/vendor/bundle/ruby/2.0.0/gems/nokogiri-1.6.0/ports/x86_64-redhat-linux/libxml2/2.8.0/lib -Wl,-rpath,/root/rails_projects/sample_app/vendor/bundle/ruby/2.0.0/gems/nokogiri-1.6.0/ports/x86_64-redhat-linux/libxslt/1.1.26/lib    -lxml2  '-Wl,-rpath,/../lib' -Wl,-R -Wl,/usr/local/rvm/rubies/ruby-2.0.0-p353/lib -L/usr/local/rvm/rubies/ruby-2.0.0-p353/lib -lruby -lxslt -lxml2  -lpthread -lrt -ldl -lcrypt -lm   -lc "
In file included from /usr/local/rvm/rubies/ruby-2.0.0-p353/include/ruby-2.0.0/ruby.h:33,
                 from conftest.c:1:
/usr/local/rvm/rubies/ruby-2.0.0-p353/include/ruby-2.0.0/ruby/ruby.h: In function ‘rb_float_value’:
/usr/local/rvm/rubies/ruby-2.0.0-p353/include/ruby-2.0.0/ruby/ruby.h:777: warning: negative integer implicitly converted to unsigned type
/usr/local/rvm/rubies/ruby-2.0.0-p353/include/ruby-2.0.0/ruby/ruby.h:777: warning: negative integer implicitly converted to unsigned type
conftest.c: In function ‘t’:
conftest.c:5: warning: implicit declaration of function ‘xsltParseStylesheetDoc’
conftest.c: In function ‘main’:
conftest.c:6: warning: unused parameter ‘argv’
checked program was:
/* begin */
 1: #include "ruby.h"
 2: 
 3: /*top*/
 4: extern int t(void);
 5: int t(void) { xsltParseStylesheetDoc(); return 0; }
 6: int main(int argc, char **argv)
 7: {
 8:   if (argc > 1000000) {
 9:     printf("%p", &t);
10:   }
11: 
12:   return 0;
13: }
/* end */

--------------------

find_library: checking for exsltFuncRegister() in -lexslt... -------------------- yes

"gcc -o conftest -I/usr/local/rvm/rubies/ruby-2.0.0-p353/include/ruby-2.0.0/x86_64-linux -I/usr/local/rvm/rubies/ruby-2.0.0-p353/include/ruby-2.0.0/ruby/backward -I/usr/local/rvm/rubies/ruby-2.0.0-p353/include/ruby-2.0.0 -I. -I/root/rails_projects/sample_app/vendor/bundle/ruby/2.0.0/gems/nokogiri-1.6.0/ports/x86_64-redhat-linux/libxml2/2.8.0/include/libxml2 -I/root/rails_projects/sample_app/vendor/bundle/ruby/2.0.0/gems/nokogiri-1.6.0/ports/x86_64-redhat-linux/libxml2/2.8.0/include -I/root/rails_projects/sample_app/vendor/bundle/ruby/2.0.0/gems/nokogiri-1.6.0/ports/x86_64-redhat-linux/libxslt/1.1.26/include     -O3 -fno-fast-math -ggdb3 -Wall -Wextra -Wno-unused-parameter -Wno-parentheses -Wno-long-long -Wno-missing-field-initializers -Wunused-variable -Wpointer-arith -Wwrite-strings -Wdeclaration-after-statement -Wimplicit-function-declaration  -fPIC  -g -DXP_UNIX -O3 -Wall -Wcast-qual -Wwrite-strings -Wconversion -Wmissing-noreturn -Winline -DNOKOGIRI_USE_PACKAGED_LIBRARIES -DNOKOGIRI_LIBXML2_PATH='"/root/rails_projects/sample_app/vendor/bundle/ruby/2.0.0/gems/nokogiri-1.6.0/ports/x86_64-redhat-linux/libxml2/2.8.0"' -DNOKOGIRI_LIBXSLT_PATH='"/root/rails_projects/sample_app/vendor/bundle/ruby/2.0.0/gems/nokogiri-1.6.0/ports/x86_64-redhat-linux/libxslt/1.1.26"' conftest.c  -L. -L/usr/local/rvm/rubies/ruby-2.0.0-p353/lib -Wl,-R/usr/local/rvm/rubies/ruby-2.0.0-p353/lib -L/root/rails_projects/sample_app/vendor/bundle/ruby/2.0.0/gems/nokogiri-1.6.0/ports/x86_64-redhat-linux/libxml2/2.8.0/lib -Wl,-R/root/rails_projects/sample_app/vendor/bundle/ruby/2.0.0/gems/nokogiri-1.6.0/ports/x86_64-redhat-linux/libxml2/2.8.0/lib -L/root/rails_projects/sample_app/vendor/bundle/ruby/2.0.0/gems/nokogiri-1.6.0/ports/x86_64-redhat-linux/libxslt/1.1.26/lib -Wl,-R/root/rails_projects/sample_app/vendor/bundle/ruby/2.0.0/gems/nokogiri-1.6.0/ports/x86_64-redhat-linux/libxslt/1.1.26/lib -L. -fstack-protector -rdynamic -Wl,-export-dynamic -Wl,-rpath,/root/rails_projects/sample_app/vendor/bundle/ruby/2.0.0/gems/nokogiri-1.6.0/ports/x86_64-redhat-linux/libxml2/2.8.0/lib -Wl,-rpath,/root/rails_projects/sample_app/vendor/bundle/ruby/2.0.0/gems/nokogiri-1.6.0/ports/x86_64-redhat-linux/libxslt/1.1.26/lib    -lxslt -lxml2  '-Wl,-rpath,/../lib' -Wl,-R -Wl,/usr/local/rvm/rubies/ruby-2.0.0-p353/lib -L/usr/local/rvm/rubies/ruby-2.0.0-p353/lib -lruby -lexslt -lxslt -lxml2  -lpthread -lrt -ldl -lcrypt -lm   -lc "
In file included from /usr/local/rvm/rubies/ruby-2.0.0-p353/include/ruby-2.0.0/ruby.h:33,
                 from conftest.c:1:
/usr/local/rvm/rubies/ruby-2.0.0-p353/include/ruby-2.0.0/ruby/ruby.h: In function ‘rb_float_value’:
/usr/local/rvm/rubies/ruby-2.0.0-p353/include/ruby-2.0.0/ruby/ruby.h:777: warning: negative integer implicitly converted to unsigned type
/usr/local/rvm/rubies/ruby-2.0.0-p353/include/ruby-2.0.0/ruby/ruby.h:777: warning: negative integer implicitly converted to unsigned type
conftest.c: In function ‘t’:
conftest.c:5: error: ‘exsltFuncRegister’ undeclared (first use in this function)
conftest.c:5: error: (Each undeclared identifier is reported only once
conftest.c:5: error: for each function it appears in.)
conftest.c: In function ‘main’:
conftest.c:6: warning: unused parameter ‘argv’
checked program was:
/* begin */
 1: #include "ruby.h"
 2: 
 3: /*top*/
 4: extern int t(void);
 5: int t(void) { void ((*volatile p)()); p = (void ((*)()))exsltFuncRegister; return 0; }
 6: int main(int argc, char **argv)
 7: {
 8:   if (argc > 1000000) {
 9:     printf("%p", &t);
10:   }
11: 
12:   return 0;
13: }
/* end */

"gcc -o conftest -I/usr/local/rvm/rubies/ruby-2.0.0-p353/include/ruby-2.0.0/x86_64-linux -I/usr/local/rvm/rubies/ruby-2.0.0-p353/include/ruby-2.0.0/ruby/backward -I/usr/local/rvm/rubies/ruby-2.0.0-p353/include/ruby-2.0.0 -I. -I/root/rails_projects/sample_app/vendor/bundle/ruby/2.0.0/gems/nokogiri-1.6.0/ports/x86_64-redhat-linux/libxml2/2.8.0/include/libxml2 -I/root/rails_projects/sample_app/vendor/bundle/ruby/2.0.0/gems/nokogiri-1.6.0/ports/x86_64-redhat-linux/libxml2/2.8.0/include -I/root/rails_projects/sample_app/vendor/bundle/ruby/2.0.0/gems/nokogiri-1.6.0/ports/x86_64-redhat-linux/libxslt/1.1.26/include     -O3 -fno-fast-math -ggdb3 -Wall -Wextra -Wno-unused-parameter -Wno-parentheses -Wno-long-long -Wno-missing-field-initializers -Wunused-variable -Wpointer-arith -Wwrite-strings -Wdeclaration-after-statement -Wimplicit-function-declaration  -fPIC  -g -DXP_UNIX -O3 -Wall -Wcast-qual -Wwrite-strings -Wconversion -Wmissing-noreturn -Winline -DNOKOGIRI_USE_PACKAGED_LIBRARIES -DNOKOGIRI_LIBXML2_PATH='"/root/rails_projects/sample_app/vendor/bundle/ruby/2.0.0/gems/nokogiri-1.6.0/ports/x86_64-redhat-linux/libxml2/2.8.0"' -DNOKOGIRI_LIBXSLT_PATH='"/root/rails_projects/sample_app/vendor/bundle/ruby/2.0.0/gems/nokogiri-1.6.0/ports/x86_64-redhat-linux/libxslt/1.1.26"' conftest.c  -L. -L/usr/local/rvm/rubies/ruby-2.0.0-p353/lib -Wl,-R/usr/local/rvm/rubies/ruby-2.0.0-p353/lib -L/root/rails_projects/sample_app/vendor/bundle/ruby/2.0.0/gems/nokogiri-1.6.0/ports/x86_64-redhat-linux/libxml2/2.8.0/lib -Wl,-R/root/rails_projects/sample_app/vendor/bundle/ruby/2.0.0/gems/nokogiri-1.6.0/ports/x86_64-redhat-linux/libxml2/2.8.0/lib -L/root/rails_projects/sample_app/vendor/bundle/ruby/2.0.0/gems/nokogiri-1.6.0/ports/x86_64-redhat-linux/libxslt/1.1.26/lib -Wl,-R/root/rails_projects/sample_app/vendor/bundle/ruby/2.0.0/gems/nokogiri-1.6.0/ports/x86_64-redhat-linux/libxslt/1.1.26/lib -L. -fstack-protector -rdynamic -Wl,-export-dynamic -Wl,-rpath,/root/rails_projects/sample_app/vendor/bundle/ruby/2.0.0/gems/nokogiri-1.6.0/ports/x86_64-redhat-linux/libxml2/2.8.0/lib -Wl,-rpath,/root/rails_projects/sample_app/vendor/bundle/ruby/2.0.0/gems/nokogiri-1.6.0/ports/x86_64-redhat-linux/libxslt/1.1.26/lib    -lxslt -lxml2  '-Wl,-rpath,/../lib' -Wl,-R -Wl,/usr/local/rvm/rubies/ruby-2.0.0-p353/lib -L/usr/local/rvm/rubies/ruby-2.0.0-p353/lib -lruby -lexslt -lxslt -lxml2  -lpthread -lrt -ldl -lcrypt -lm   -lc "
In file included from /usr/local/rvm/rubies/ruby-2.0.0-p353/include/ruby-2.0.0/ruby.h:33,
                 from conftest.c:1:
/usr/local/rvm/rubies/ruby-2.0.0-p353/include/ruby-2.0.0/ruby/ruby.h: In function ‘rb_float_value’:
/usr/local/rvm/rubies/ruby-2.0.0-p353/include/ruby-2.0.0/ruby/ruby.h:777: warning: negative integer implicitly converted to unsigned type
/usr/local/rvm/rubies/ruby-2.0.0-p353/include/ruby-2.0.0/ruby/ruby.h:777: warning: negative integer implicitly converted to unsigned type
conftest.c: In function ‘t’:
conftest.c:5: warning: implicit declaration of function ‘exsltFuncRegister’
conftest.c: In function ‘main’:
conftest.c:6: warning: unused parameter ‘argv’
checked program was:
/* begin */
 1: #include "ruby.h"
 2: 
 3: /*top*/
 4: extern int t(void);
 5: int t(void) { exsltFuncRegister(); return 0; }
 6: int main(int argc, char **argv)
 7: {
 8:   if (argc > 1000000) {
 9:     printf("%p", &t);
10:   }
11: 
12:   return 0;
13: }
/* end */

--------------------

have_func: checking for xmlHasFeature()... -------------------- yes

"gcc -o conftest -I/usr/local/rvm/rubies/ruby-2.0.0-p353/include/ruby-2.0.0/x86_64-linux -I/usr/local/rvm/rubies/ruby-2.0.0-p353/include/ruby-2.0.0/ruby/backward -I/usr/local/rvm/rubies/ruby-2.0.0-p353/include/ruby-2.0.0 -I. -I/root/rails_projects/sample_app/vendor/bundle/ruby/2.0.0/gems/nokogiri-1.6.0/ports/x86_64-redhat-linux/libxml2/2.8.0/include/libxml2 -I/root/rails_projects/sample_app/vendor/bundle/ruby/2.0.0/gems/nokogiri-1.6.0/ports/x86_64-redhat-linux/libxml2/2.8.0/include -I/root/rails_projects/sample_app/vendor/bundle/ruby/2.0.0/gems/nokogiri-1.6.0/ports/x86_64-redhat-linux/libxslt/1.1.26/include     -O3 -fno-fast-math -ggdb3 -Wall -Wextra -Wno-unused-parameter -Wno-parentheses -Wno-long-long -Wno-missing-field-initializers -Wunused-variable -Wpointer-arith -Wwrite-strings -Wdeclaration-after-statement -Wimplicit-function-declaration  -fPIC  -g -DXP_UNIX -O3 -Wall -Wcast-qual -Wwrite-strings -Wconversion -Wmissing-noreturn -Winline -DNOKOGIRI_USE_PACKAGED_LIBRARIES -DNOKOGIRI_LIBXML2_PATH='"/root/rails_projects/sample_app/vendor/bundle/ruby/2.0.0/gems/nokogiri-1.6.0/ports/x86_64-redhat-linux/libxml2/2.8.0"' -DNOKOGIRI_LIBXSLT_PATH='"/root/rails_projects/sample_app/vendor/bundle/ruby/2.0.0/gems/nokogiri-1.6.0/ports/x86_64-redhat-linux/libxslt/1.1.26"' conftest.c  -L. -L/usr/local/rvm/rubies/ruby-2.0.0-p353/lib -Wl,-R/usr/local/rvm/rubies/ruby-2.0.0-p353/lib -L/root/rails_projects/sample_app/vendor/bundle/ruby/2.0.0/gems/nokogiri-1.6.0/ports/x86_64-redhat-linux/libxml2/2.8.0/lib -Wl,-R/root/rails_projects/sample_app/vendor/bundle/ruby/2.0.0/gems/nokogiri-1.6.0/ports/x86_64-redhat-linux/libxml2/2.8.0/lib -L/root/rails_projects/sample_app/vendor/bundle/ruby/2.0.0/gems/nokogiri-1.6.0/ports/x86_64-redhat-linux/libxslt/1.1.26/lib -Wl,-R/root/rails_projects/sample_app/vendor/bundle/ruby/2.0.0/gems/nokogiri-1.6.0/ports/x86_64-redhat-linux/libxslt/1.1.26/lib -L. -fstack-protector -rdynamic -Wl,-export-dynamic -Wl,-rpath,/root/rails_projects/sample_app/vendor/bundle/ruby/2.0.0/gems/nokogiri-1.6.0/ports/x86_64-redhat-linux/libxml2/2.8.0/lib -Wl,-rpath,/root/rails_projects/sample_app/vendor/bundle/ruby/2.0.0/gems/nokogiri-1.6.0/ports/x86_64-redhat-linux/libxslt/1.1.26/lib    -lexslt -lxslt -lxml2  '-Wl,-rpath,/../lib' -Wl,-R -Wl,/usr/local/rvm/rubies/ruby-2.0.0-p353/lib -L/usr/local/rvm/rubies/ruby-2.0.0-p353/lib -lruby -lexslt -lxslt -lxml2  -lpthread -lrt -ldl -lcrypt -lm   -lc "
In file included from /usr/local/rvm/rubies/ruby-2.0.0-p353/include/ruby-2.0.0/ruby.h:33,
                 from conftest.c:1:
/usr/local/rvm/rubies/ruby-2.0.0-p353/include/ruby-2.0.0/ruby/ruby.h: In function ‘rb_float_value’:
/usr/local/rvm/rubies/ruby-2.0.0-p353/include/ruby-2.0.0/ruby/ruby.h:777: warning: negative integer implicitly converted to unsigned type
/usr/local/rvm/rubies/ruby-2.0.0-p353/include/ruby-2.0.0/ruby/ruby.h:777: warning: negative integer implicitly converted to unsigned type
conftest.c: In function ‘t’:
conftest.c:5: error: ‘xmlHasFeature’ undeclared (first use in this function)
conftest.c:5: error: (Each undeclared identifier is reported only once
conftest.c:5: error: for each function it appears in.)
conftest.c: In function ‘main’:
conftest.c:6: warning: unused parameter ‘argv’
checked program was:
/* begin */
 1: #include "ruby.h"
 2: 
 3: /*top*/
 4: extern int t(void);
 5: int t(void) { void ((*volatile p)()); p = (void ((*)()))xmlHasFeature; return 0; }
 6: int main(int argc, char **argv)
 7: {
 8:   if (argc > 1000000) {
 9:     printf("%p", &t);
10:   }
11: 
12:   return 0;
13: }
/* end */

"gcc -o conftest -I/usr/local/rvm/rubies/ruby-2.0.0-p353/include/ruby-2.0.0/x86_64-linux -I/usr/local/rvm/rubies/ruby-2.0.0-p353/include/ruby-2.0.0/ruby/backward -I/usr/local/rvm/rubies/ruby-2.0.0-p353/include/ruby-2.0.0 -I. -I/root/rails_projects/sample_app/vendor/bundle/ruby/2.0.0/gems/nokogiri-1.6.0/ports/x86_64-redhat-linux/libxml2/2.8.0/include/libxml2 -I/root/rails_projects/sample_app/vendor/bundle/ruby/2.0.0/gems/nokogiri-1.6.0/ports/x86_64-redhat-linux/libxml2/2.8.0/include -I/root/rails_projects/sample_app/vendor/bundle/ruby/2.0.0/gems/nokogiri-1.6.0/ports/x86_64-redhat-linux/libxslt/1.1.26/include     -O3 -fno-fast-math -ggdb3 -Wall -Wextra -Wno-unused-parameter -Wno-parentheses -Wno-long-long -Wno-missing-field-initializers -Wunused-variable -Wpointer-arith -Wwrite-strings -Wdeclaration-after-statement -Wimplicit-function-declaration  -fPIC  -g -DXP_UNIX -O3 -Wall -Wcast-qual -Wwrite-strings -Wconversion -Wmissing-noreturn -Winline -DNOKOGIRI_USE_PACKAGED_LIBRARIES -DNOKOGIRI_LIBXML2_PATH='"/root/rails_projects/sample_app/vendor/bundle/ruby/2.0.0/gems/nokogiri-1.6.0/ports/x86_64-redhat-linux/libxml2/2.8.0"' -DNOKOGIRI_LIBXSLT_PATH='"/root/rails_projects/sample_app/vendor/bundle/ruby/2.0.0/gems/nokogiri-1.6.0/ports/x86_64-redhat-linux/libxslt/1.1.26"' conftest.c  -L. -L/usr/local/rvm/rubies/ruby-2.0.0-p353/lib -Wl,-R/usr/local/rvm/rubies/ruby-2.0.0-p353/lib -L/root/rails_projects/sample_app/vendor/bundle/ruby/2.0.0/gems/nokogiri-1.6.0/ports/x86_64-redhat-linux/libxml2/2.8.0/lib -Wl,-R/root/rails_projects/sample_app/vendor/bundle/ruby/2.0.0/gems/nokogiri-1.6.0/ports/x86_64-redhat-linux/libxml2/2.8.0/lib -L/root/rails_projects/sample_app/vendor/bundle/ruby/2.0.0/gems/nokogiri-1.6.0/ports/x86_64-redhat-linux/libxslt/1.1.26/lib -Wl,-R/root/rails_projects/sample_app/vendor/bundle/ruby/2.0.0/gems/nokogiri-1.6.0/ports/x86_64-redhat-linux/libxslt/1.1.26/lib -L. -fstack-protector -rdynamic -Wl,-export-dynamic -Wl,-rpath,/root/rails_projects/sample_app/vendor/bundle/ruby/2.0.0/gems/nokogiri-1.6.0/ports/x86_64-redhat-linux/libxml2/2.8.0/lib -Wl,-rpath,/root/rails_projects/sample_app/vendor/bundle/ruby/2.0.0/gems/nokogiri-1.6.0/ports/x86_64-redhat-linux/libxslt/1.1.26/lib    -lexslt -lxslt -lxml2  '-Wl,-rpath,/../lib' -Wl,-R -Wl,/usr/local/rvm/rubies/ruby-2.0.0-p353/lib -L/usr/local/rvm/rubies/ruby-2.0.0-p353/lib -lruby -lexslt -lxslt -lxml2  -lpthread -lrt -ldl -lcrypt -lm   -lc "
In file included from /usr/local/rvm/rubies/ruby-2.0.0-p353/include/ruby-2.0.0/ruby.h:33,
                 from conftest.c:1:
/usr/local/rvm/rubies/ruby-2.0.0-p353/include/ruby-2.0.0/ruby/ruby.h: In function ‘rb_float_value’:
/usr/local/rvm/rubies/ruby-2.0.0-p353/include/ruby-2.0.0/ruby/ruby.h:777: warning: negative integer implicitly converted to unsigned type
/usr/local/rvm/rubies/ruby-2.0.0-p353/include/ruby-2.0.0/ruby/ruby.h:777: warning: negative integer implicitly converted to unsigned type
conftest.c: In function ‘t’:
conftest.c:5: warning: implicit declaration of function ‘xmlHasFeature’
conftest.c: In function ‘main’:
conftest.c:6: warning: unused parameter ‘argv’
checked program was:
/* begin */
 1: #include "ruby.h"
 2: 
 3: /*top*/
 4: extern int t(void);
 5: int t(void) { xmlHasFeature(); return 0; }
 6: int main(int argc, char **argv)
 7: {
 8:   if (argc > 1000000) {
 9:     printf("%p", &t);
10:   }
11: 
12:   return 0;
13: }
/* end */

--------------------

have_func: checking for xmlFirstElementChild()... -------------------- yes

"gcc -o conftest -I/usr/local/rvm/rubies/ruby-2.0.0-p353/include/ruby-2.0.0/x86_64-linux -I/usr/local/rvm/rubies/ruby-2.0.0-p353/include/ruby-2.0.0/ruby/backward -I/usr/local/rvm/rubies/ruby-2.0.0-p353/include/ruby-2.0.0 -I. -I/root/rails_projects/sample_app/vendor/bundle/ruby/2.0.0/gems/nokogiri-1.6.0/ports/x86_64-redhat-linux/libxml2/2.8.0/include/libxml2 -I/root/rails_projects/sample_app/vendor/bundle/ruby/2.0.0/gems/nokogiri-1.6.0/ports/x86_64-redhat-linux/libxml2/2.8.0/include -I/root/rails_projects/sample_app/vendor/bundle/ruby/2.0.0/gems/nokogiri-1.6.0/ports/x86_64-redhat-linux/libxslt/1.1.26/include     -O3 -fno-fast-math -ggdb3 -Wall -Wextra -Wno-unused-parameter -Wno-parentheses -Wno-long-long -Wno-missing-field-initializers -Wunused-variable -Wpointer-arith -Wwrite-strings -Wdeclaration-after-statement -Wimplicit-function-declaration  -fPIC  -g -DXP_UNIX -O3 -Wall -Wcast-qual -Wwrite-strings -Wconversion -Wmissing-noreturn -Winline -DNOKOGIRI_USE_PACKAGED_LIBRARIES -DNOKOGIRI_LIBXML2_PATH='"/root/rails_projects/sample_app/vendor/bundle/ruby/2.0.0/gems/nokogiri-1.6.0/ports/x86_64-redhat-linux/libxml2/2.8.0"' -DNOKOGIRI_LIBXSLT_PATH='"/root/rails_projects/sample_app/vendor/bundle/ruby/2.0.0/gems/nokogiri-1.6.0/ports/x86_64-redhat-linux/libxslt/1.1.26"' conftest.c  -L. -L/usr/local/rvm/rubies/ruby-2.0.0-p353/lib -Wl,-R/usr/local/rvm/rubies/ruby-2.0.0-p353/lib -L/root/rails_projects/sample_app/vendor/bundle/ruby/2.0.0/gems/nokogiri-1.6.0/ports/x86_64-redhat-linux/libxml2/2.8.0/lib -Wl,-R/root/rails_projects/sample_app/vendor/bundle/ruby/2.0.0/gems/nokogiri-1.6.0/ports/x86_64-redhat-linux/libxml2/2.8.0/lib -L/root/rails_projects/sample_app/vendor/bundle/ruby/2.0.0/gems/nokogiri-1.6.0/ports/x86_64-redhat-linux/libxslt/1.1.26/lib -Wl,-R/root/rails_projects/sample_app/vendor/bundle/ruby/2.0.0/gems/nokogiri-1.6.0/ports/x86_64-redhat-linux/libxslt/1.1.26/lib -L. -fstack-protector -rdynamic -Wl,-export-dynamic -Wl,-rpath,/root/rails_projects/sample_app/vendor/bundle/ruby/2.0.0/gems/nokogiri-1.6.0/ports/x86_64-redhat-linux/libxml2/2.8.0/lib -Wl,-rpath,/root/rails_projects/sample_app/vendor/bundle/ruby/2.0.0/gems/nokogiri-1.6.0/ports/x86_64-redhat-linux/libxslt/1.1.26/lib    -lexslt -lxslt -lxml2  '-Wl,-rpath,/../lib' -Wl,-R -Wl,/usr/local/rvm/rubies/ruby-2.0.0-p353/lib -L/usr/local/rvm/rubies/ruby-2.0.0-p353/lib -lruby -lexslt -lxslt -lxml2  -lpthread -lrt -ldl -lcrypt -lm   -lc "
In file included from /usr/local/rvm/rubies/ruby-2.0.0-p353/include/ruby-2.0.0/ruby.h:33,
                 from conftest.c:1:
/usr/local/rvm/rubies/ruby-2.0.0-p353/include/ruby-2.0.0/ruby/ruby.h: In function ‘rb_float_value’:
/usr/local/rvm/rubies/ruby-2.0.0-p353/include/ruby-2.0.0/ruby/ruby.h:777: warning: negative integer implicitly converted to unsigned type
/usr/local/rvm/rubies/ruby-2.0.0-p353/include/ruby-2.0.0/ruby/ruby.h:777: warning: negative integer implicitly converted to unsigned type
conftest.c: In function ‘t’:
conftest.c:5: error: ‘xmlFirstElementChild’ undeclared (first use in this function)
conftest.c:5: error: (Each undeclared identifier is reported only once
conftest.c:5: error: for each function it appears in.)
conftest.c: In function ‘main’:
conftest.c:6: warning: unused parameter ‘argv’
checked program was:
/* begin */
 1: #include "ruby.h"
 2: 
 3: /*top*/
 4: extern int t(void);
 5: int t(void) { void ((*volatile p)()); p = (void ((*)()))xmlFirstElementChild; return 0; }
 6: int main(int argc, char **argv)
 7: {
 8:   if (argc > 1000000) {
 9:     printf("%p", &t);
10:   }
11: 
12:   return 0;
13: }
/* end */

"gcc -o conftest -I/usr/local/rvm/rubies/ruby-2.0.0-p353/include/ruby-2.0.0/x86_64-linux -I/usr/local/rvm/rubies/ruby-2.0.0-p353/include/ruby-2.0.0/ruby/backward -I/usr/local/rvm/rubies/ruby-2.0.0-p353/include/ruby-2.0.0 -I. -I/root/rails_projects/sample_app/vendor/bundle/ruby/2.0.0/gems/nokogiri-1.6.0/ports/x86_64-redhat-linux/libxml2/2.8.0/include/libxml2 -I/root/rails_projects/sample_app/vendor/bundle/ruby/2.0.0/gems/nokogiri-1.6.0/ports/x86_64-redhat-linux/libxml2/2.8.0/include -I/root/rails_projects/sample_app/vendor/bundle/ruby/2.0.0/gems/nokogiri-1.6.0/ports/x86_64-redhat-linux/libxslt/1.1.26/include     -O3 -fno-fast-math -ggdb3 -Wall -Wextra -Wno-unused-parameter -Wno-parentheses -Wno-long-long -Wno-missing-field-initializers -Wunused-variable -Wpointer-arith -Wwrite-strings -Wdeclaration-after-statement -Wimplicit-function-declaration  -fPIC  -g -DXP_UNIX -O3 -Wall -Wcast-qual -Wwrite-strings -Wconversion -Wmissing-noreturn -Winline -DNOKOGIRI_USE_PACKAGED_LIBRARIES -DNOKOGIRI_LIBXML2_PATH='"/root/rails_projects/sample_app/vendor/bundle/ruby/2.0.0/gems/nokogiri-1.6.0/ports/x86_64-redhat-linux/libxml2/2.8.0"' -DNOKOGIRI_LIBXSLT_PATH='"/root/rails_projects/sample_app/vendor/bundle/ruby/2.0.0/gems/nokogiri-1.6.0/ports/x86_64-redhat-linux/libxslt/1.1.26"' conftest.c  -L. -L/usr/local/rvm/rubies/ruby-2.0.0-p353/lib -Wl,-R/usr/local/rvm/rubies/ruby-2.0.0-p353/lib -L/root/rails_projects/sample_app/vendor/bundle/ruby/2.0.0/gems/nokogiri-1.6.0/ports/x86_64-redhat-linux/libxml2/2.8.0/lib -Wl,-R/root/rails_projects/sample_app/vendor/bundle/ruby/2.0.0/gems/nokogiri-1.6.0/ports/x86_64-redhat-linux/libxml2/2.8.0/lib -L/root/rails_projects/sample_app/vendor/bundle/ruby/2.0.0/gems/nokogiri-1.6.0/ports/x86_64-redhat-linux/libxslt/1.1.26/lib -Wl,-R/root/rails_projects/sample_app/vendor/bundle/ruby/2.0.0/gems/nokogiri-1.6.0/ports/x86_64-redhat-linux/libxslt/1.1.26/lib -L. -fstack-protector -rdynamic -Wl,-export-dynamic -Wl,-rpath,/root/rails_projects/sample_app/vendor/bundle/ruby/2.0.0/gems/nokogiri-1.6.0/ports/x86_64-redhat-linux/libxml2/2.8.0/lib -Wl,-rpath,/root/rails_projects/sample_app/vendor/bundle/ruby/2.0.0/gems/nokogiri-1.6.0/ports/x86_64-redhat-linux/libxslt/1.1.26/lib    -lexslt -lxslt -lxml2  '-Wl,-rpath,/../lib' -Wl,-R -Wl,/usr/local/rvm/rubies/ruby-2.0.0-p353/lib -L/usr/local/rvm/rubies/ruby-2.0.0-p353/lib -lruby -lexslt -lxslt -lxml2  -lpthread -lrt -ldl -lcrypt -lm   -lc "
In file included from /usr/local/rvm/rubies/ruby-2.0.0-p353/include/ruby-2.0.0/ruby.h:33,
                 from conftest.c:1:
/usr/local/rvm/rubies/ruby-2.0.0-p353/include/ruby-2.0.0/ruby/ruby.h: In function ‘rb_float_value’:
/usr/local/rvm/rubies/ruby-2.0.0-p353/include/ruby-2.0.0/ruby/ruby.h:777: warning: negative integer implicitly converted to unsigned type
/usr/local/rvm/rubies/ruby-2.0.0-p353/include/ruby-2.0.0/ruby/ruby.h:777: warning: negative integer implicitly converted to unsigned type
conftest.c: In function ‘t’:
conftest.c:5: warning: implicit declaration of function ‘xmlFirstElementChild’
conftest.c: In function ‘main’:
conftest.c:6: warning: unused parameter ‘argv’
checked program was:
/* begin */
 1: #include "ruby.h"
 2: 
 3: /*top*/
 4: extern int t(void);
 5: int t(void) { xmlFirstElementChild(); return 0; }
 6: int main(int argc, char **argv)
 7: {
 8:   if (argc > 1000000) {
 9:     printf("%p", &t);
10:   }
11: 
12:   return 0;
13: }
/* end */

--------------------

have_func: checking for xmlRelaxNGSetParserStructuredErrors()... -------------------- yes

"gcc -o conftest -I/usr/local/rvm/rubies/ruby-2.0.0-p353/include/ruby-2.0.0/x86_64-linux -I/usr/local/rvm/rubies/ruby-2.0.0-p353/include/ruby-2.0.0/ruby/backward -I/usr/local/rvm/rubies/ruby-2.0.0-p353/include/ruby-2.0.0 -I. -I/root/rails_projects/sample_app/vendor/bundle/ruby/2.0.0/gems/nokogiri-1.6.0/ports/x86_64-redhat-linux/libxml2/2.8.0/include/libxml2 -I/root/rails_projects/sample_app/vendor/bundle/ruby/2.0.0/gems/nokogiri-1.6.0/ports/x86_64-redhat-linux/libxml2/2.8.0/include -I/root/rails_projects/sample_app/vendor/bundle/ruby/2.0.0/gems/nokogiri-1.6.0/ports/x86_64-redhat-linux/libxslt/1.1.26/include     -O3 -fno-fast-math -ggdb3 -Wall -Wextra -Wno-unused-parameter -Wno-parentheses -Wno-long-long -Wno-missing-field-initializers -Wunused-variable -Wpointer-arith -Wwrite-strings -Wdeclaration-after-statement -Wimplicit-function-declaration  -fPIC  -g -DXP_UNIX -O3 -Wall -Wcast-qual -Wwrite-strings -Wconversion -Wmissing-noreturn -Winline -DNOKOGIRI_USE_PACKAGED_LIBRARIES -DNOKOGIRI_LIBXML2_PATH='"/root/rails_projects/sample_app/vendor/bundle/ruby/2.0.0/gems/nokogiri-1.6.0/ports/x86_64-redhat-linux/libxml2/2.8.0"' -DNOKOGIRI_LIBXSLT_PATH='"/root/rails_projects/sample_app/vendor/bundle/ruby/2.0.0/gems/nokogiri-1.6.0/ports/x86_64-redhat-linux/libxslt/1.1.26"' conftest.c  -L. -L/usr/local/rvm/rubies/ruby-2.0.0-p353/lib -Wl,-R/usr/local/rvm/rubies/ruby-2.0.0-p353/lib -L/root/rails_projects/sample_app/vendor/bundle/ruby/2.0.0/gems/nokogiri-1.6.0/ports/x86_64-redhat-linux/libxml2/2.8.0/lib -Wl,-R/root/rails_projects/sample_app/vendor/bundle/ruby/2.0.0/gems/nokogiri-1.6.0/ports/x86_64-redhat-linux/libxml2/2.8.0/lib -L/root/rails_projects/sample_app/vendor/bundle/ruby/2.0.0/gems/nokogiri-1.6.0/ports/x86_64-redhat-linux/libxslt/1.1.26/lib -Wl,-R/root/rails_projects/sample_app/vendor/bundle/ruby/2.0.0/gems/nokogiri-1.6.0/ports/x86_64-redhat-linux/libxslt/1.1.26/lib -L. -fstack-protector -rdynamic -Wl,-export-dynamic -Wl,-rpath,/root/rails_projects/sample_app/vendor/bundle/ruby/2.0.0/gems/nokogiri-1.6.0/ports/x86_64-redhat-linux/libxml2/2.8.0/lib -Wl,-rpath,/root/rails_projects/sample_app/vendor/bundle/ruby/2.0.0/gems/nokogiri-1.6.0/ports/x86_64-redhat-linux/libxslt/1.1.26/lib    -lexslt -lxslt -lxml2  '-Wl,-rpath,/../lib' -Wl,-R -Wl,/usr/local/rvm/rubies/ruby-2.0.0-p353/lib -L/usr/local/rvm/rubies/ruby-2.0.0-p353/lib -lruby -lexslt -lxslt -lxml2  -lpthread -lrt -ldl -lcrypt -lm   -lc "
In file included from /usr/local/rvm/rubies/ruby-2.0.0-p353/include/ruby-2.0.0/ruby.h:33,
                 from conftest.c:1:
/usr/local/rvm/rubies/ruby-2.0.0-p353/include/ruby-2.0.0/ruby/ruby.h: In function ‘rb_float_value’:
/usr/local/rvm/rubies/ruby-2.0.0-p353/include/ruby-2.0.0/ruby/ruby.h:777: warning: negative integer implicitly converted to unsigned type
/usr/local/rvm/rubies/ruby-2.0.0-p353/include/ruby-2.0.0/ruby/ruby.h:777: warning: negative integer implicitly converted to unsigned type
conftest.c: In function ‘t’:
conftest.c:5: error: ‘xmlRelaxNGSetParserStructuredErrors’ undeclared (first use in this function)
conftest.c:5: error: (Each undeclared identifier is reported only once
conftest.c:5: error: for each function it appears in.)
conftest.c: In function ‘main’:
conftest.c:6: warning: unused parameter ‘argv’
checked program was:
/* begin */
 1: #include "ruby.h"
 2: 
 3: /*top*/
 4: extern int t(void);
 5: int t(void) { void ((*volatile p)()); p = (void ((*)()))xmlRelaxNGSetParserStructuredErrors; return 0; }
 6: int main(int argc, char **argv)
 7: {
 8:   if (argc > 1000000) {
 9:     printf("%p", &t);
10:   }
11: 
12:   return 0;
13: }
/* end */

"gcc -o conftest -I/usr/local/rvm/rubies/ruby-2.0.0-p353/include/ruby-2.0.0/x86_64-linux -I/usr/local/rvm/rubies/ruby-2.0.0-p353/include/ruby-2.0.0/ruby/backward -I/usr/local/rvm/rubies/ruby-2.0.0-p353/include/ruby-2.0.0 -I. -I/root/rails_projects/sample_app/vendor/bundle/ruby/2.0.0/gems/nokogiri-1.6.0/ports/x86_64-redhat-linux/libxml2/2.8.0/include/libxml2 -I/root/rails_projects/sample_app/vendor/bundle/ruby/2.0.0/gems/nokogiri-1.6.0/ports/x86_64-redhat-linux/libxml2/2.8.0/include -I/root/rails_projects/sample_app/vendor/bundle/ruby/2.0.0/gems/nokogiri-1.6.0/ports/x86_64-redhat-linux/libxslt/1.1.26/include     -O3 -fno-fast-math -ggdb3 -Wall -Wextra -Wno-unused-parameter -Wno-parentheses -Wno-long-long -Wno-missing-field-initializers -Wunused-variable -Wpointer-arith -Wwrite-strings -Wdeclaration-after-statement -Wimplicit-function-declaration  -fPIC  -g -DXP_UNIX -O3 -Wall -Wcast-qual -Wwrite-strings -Wconversion -Wmissing-noreturn -Winline -DNOKOGIRI_USE_PACKAGED_LIBRARIES -DNOKOGIRI_LIBXML2_PATH='"/root/rails_projects/sample_app/vendor/bundle/ruby/2.0.0/gems/nokogiri-1.6.0/ports/x86_64-redhat-linux/libxml2/2.8.0"' -DNOKOGIRI_LIBXSLT_PATH='"/root/rails_projects/sample_app/vendor/bundle/ruby/2.0.0/gems/nokogiri-1.6.0/ports/x86_64-redhat-linux/libxslt/1.1.26"' conftest.c  -L. -L/usr/local/rvm/rubies/ruby-2.0.0-p353/lib -Wl,-R/usr/local/rvm/rubies/ruby-2.0.0-p353/lib -L/root/rails_projects/sample_app/vendor/bundle/ruby/2.0.0/gems/nokogiri-1.6.0/ports/x86_64-redhat-linux/libxml2/2.8.0/lib -Wl,-R/root/rails_projects/sample_app/vendor/bundle/ruby/2.0.0/gems/nokogiri-1.6.0/ports/x86_64-redhat-linux/libxml2/2.8.0/lib -L/root/rails_projects/sample_app/vendor/bundle/ruby/2.0.0/gems/nokogiri-1.6.0/ports/x86_64-redhat-linux/libxslt/1.1.26/lib -Wl,-R/root/rails_projects/sample_app/vendor/bundle/ruby/2.0.0/gems/nokogiri-1.6.0/ports/x86_64-redhat-linux/libxslt/1.1.26/lib -L. -fstack-protector -rdynamic -Wl,-export-dynamic -Wl,-rpath,/root/rails_projects/sample_app/vendor/bundle/ruby/2.0.0/gems/nokogiri-1.6.0/ports/x86_64-redhat-linux/libxml2/2.8.0/lib -Wl,-rpath,/root/rails_projects/sample_app/vendor/bundle/ruby/2.0.0/gems/nokogiri-1.6.0/ports/x86_64-redhat-linux/libxslt/1.1.26/lib    -lexslt -lxslt -lxml2  '-Wl,-rpath,/../lib' -Wl,-R -Wl,/usr/local/rvm/rubies/ruby-2.0.0-p353/lib -L/usr/local/rvm/rubies/ruby-2.0.0-p353/lib -lruby -lexslt -lxslt -lxml2  -lpthread -lrt -ldl -lcrypt -lm   -lc "
In file included from /usr/local/rvm/rubies/ruby-2.0.0-p353/include/ruby-2.0.0/ruby.h:33,
                 from conftest.c:1:
/usr/local/rvm/rubies/ruby-2.0.0-p353/include/ruby-2.0.0/ruby/ruby.h: In function ‘rb_float_value’:
/usr/local/rvm/rubies/ruby-2.0.0-p353/include/ruby-2.0.0/ruby/ruby.h:777: warning: negative integer implicitly converted to unsigned type
/usr/local/rvm/rubies/ruby-2.0.0-p353/include/ruby-2.0.0/ruby/ruby.h:777: warning: negative integer implicitly converted to unsigned type
conftest.c: In function ‘t’:
conftest.c:5: warning: implicit declaration of function ‘xmlRelaxNGSetParserStructuredErrors’
conftest.c: In function ‘main’:
conftest.c:6: warning: unused parameter ‘argv’
checked program was:
/* begin */
 1: #include "ruby.h"
 2: 
 3: /*top*/
 4: extern int t(void);
 5: int t(void) { xmlRelaxNGSetParserStructuredErrors(); return 0; }
 6: int main(int argc, char **argv)
 7: {
 8:   if (argc > 1000000) {
 9:     printf("%p", &t);
10:   }
11: 
12:   return 0;
13: }
/* end */

--------------------

have_func: checking for xmlRelaxNGSetParserStructuredErrors()... -------------------- yes

"gcc -o conftest -I/usr/local/rvm/rubies/ruby-2.0.0-p353/include/ruby-2.0.0/x86_64-linux -I/usr/local/rvm/rubies/ruby-2.0.0-p353/include/ruby-2.0.0/ruby/backward -I/usr/local/rvm/rubies/ruby-2.0.0-p353/include/ruby-2.0.0 -I. -I/root/rails_projects/sample_app/vendor/bundle/ruby/2.0.0/gems/nokogiri-1.6.0/ports/x86_64-redhat-linux/libxml2/2.8.0/include/libxml2 -I/root/rails_projects/sample_app/vendor/bundle/ruby/2.0.0/gems/nokogiri-1.6.0/ports/x86_64-redhat-linux/libxml2/2.8.0/include -I/root/rails_projects/sample_app/vendor/bundle/ruby/2.0.0/gems/nokogiri-1.6.0/ports/x86_64-redhat-linux/libxslt/1.1.26/include     -O3 -fno-fast-math -ggdb3 -Wall -Wextra -Wno-unused-parameter -Wno-parentheses -Wno-long-long -Wno-missing-field-initializers -Wunused-variable -Wpointer-arith -Wwrite-strings -Wdeclaration-after-statement -Wimplicit-function-declaration  -fPIC  -g -DXP_UNIX -O3 -Wall -Wcast-qual -Wwrite-strings -Wconversion -Wmissing-noreturn -Winline -DNOKOGIRI_USE_PACKAGED_LIBRARIES -DNOKOGIRI_LIBXML2_PATH='"/root/rails_projects/sample_app/vendor/bundle/ruby/2.0.0/gems/nokogiri-1.6.0/ports/x86_64-redhat-linux/libxml2/2.8.0"' -DNOKOGIRI_LIBXSLT_PATH='"/root/rails_projects/sample_app/vendor/bundle/ruby/2.0.0/gems/nokogiri-1.6.0/ports/x86_64-redhat-linux/libxslt/1.1.26"' conftest.c  -L. -L/usr/local/rvm/rubies/ruby-2.0.0-p353/lib -Wl,-R/usr/local/rvm/rubies/ruby-2.0.0-p353/lib -L/root/rails_projects/sample_app/vendor/bundle/ruby/2.0.0/gems/nokogiri-1.6.0/ports/x86_64-redhat-linux/libxml2/2.8.0/lib -Wl,-R/root/rails_projects/sample_app/vendor/bundle/ruby/2.0.0/gems/nokogiri-1.6.0/ports/x86_64-redhat-linux/libxml2/2.8.0/lib -L/root/rails_projects/sample_app/vendor/bundle/ruby/2.0.0/gems/nokogiri-1.6.0/ports/x86_64-redhat-linux/libxslt/1.1.26/lib -Wl,-R/root/rails_projects/sample_app/vendor/bundle/ruby/2.0.0/gems/nokogiri-1.6.0/ports/x86_64-redhat-linux/libxslt/1.1.26/lib -L. -fstack-protector -rdynamic -Wl,-export-dynamic -Wl,-rpath,/root/rails_projects/sample_app/vendor/bundle/ruby/2.0.0/gems/nokogiri-1.6.0/ports/x86_64-redhat-linux/libxml2/2.8.0/lib -Wl,-rpath,/root/rails_projects/sample_app/vendor/bundle/ruby/2.0.0/gems/nokogiri-1.6.0/ports/x86_64-redhat-linux/libxslt/1.1.26/lib    -lexslt -lxslt -lxml2  '-Wl,-rpath,/../lib' -Wl,-R -Wl,/usr/local/rvm/rubies/ruby-2.0.0-p353/lib -L/usr/local/rvm/rubies/ruby-2.0.0-p353/lib -lruby -lexslt -lxslt -lxml2  -lpthread -lrt -ldl -lcrypt -lm   -lc "
In file included from /usr/local/rvm/rubies/ruby-2.0.0-p353/include/ruby-2.0.0/ruby.h:33,
                 from conftest.c:1:
/usr/local/rvm/rubies/ruby-2.0.0-p353/include/ruby-2.0.0/ruby/ruby.h: In function ‘rb_float_value’:
/usr/local/rvm/rubies/ruby-2.0.0-p353/include/ruby-2.0.0/ruby/ruby.h:777: warning: negative integer implicitly converted to unsigned type
/usr/local/rvm/rubies/ruby-2.0.0-p353/include/ruby-2.0.0/ruby/ruby.h:777: warning: negative integer implicitly converted to unsigned type
conftest.c: In function ‘t’:
conftest.c:5: error: ‘xmlRelaxNGSetParserStructuredErrors’ undeclared (first use in this function)
conftest.c:5: error: (Each undeclared identifier is reported only once
conftest.c:5: error: for each function it appears in.)
conftest.c: In function ‘main’:
conftest.c:6: warning: unused parameter ‘argv’
checked program was:
/* begin */
 1: #include "ruby.h"
 2: 
 3: /*top*/
 4: extern int t(void);
 5: int t(void) { void ((*volatile p)()); p = (void ((*)()))xmlRelaxNGSetParserStructuredErrors; return 0; }
 6: int main(int argc, char **argv)
 7: {
 8:   if (argc > 1000000) {
 9:     printf("%p", &t);
10:   }
11: 
12:   return 0;
13: }
/* end */

"gcc -o conftest -I/usr/local/rvm/rubies/ruby-2.0.0-p353/include/ruby-2.0.0/x86_64-linux -I/usr/local/rvm/rubies/ruby-2.0.0-p353/include/ruby-2.0.0/ruby/backward -I/usr/local/rvm/rubies/ruby-2.0.0-p353/include/ruby-2.0.0 -I. -I/root/rails_projects/sample_app/vendor/bundle/ruby/2.0.0/gems/nokogiri-1.6.0/ports/x86_64-redhat-linux/libxml2/2.8.0/include/libxml2 -I/root/rails_projects/sample_app/vendor/bundle/ruby/2.0.0/gems/nokogiri-1.6.0/ports/x86_64-redhat-linux/libxml2/2.8.0/include -I/root/rails_projects/sample_app/vendor/bundle/ruby/2.0.0/gems/nokogiri-1.6.0/ports/x86_64-redhat-linux/libxslt/1.1.26/include     -O3 -fno-fast-math -ggdb3 -Wall -Wextra -Wno-unused-parameter -Wno-parentheses -Wno-long-long -Wno-missing-field-initializers -Wunused-variable -Wpointer-arith -Wwrite-strings -Wdeclaration-after-statement -Wimplicit-function-declaration  -fPIC  -g -DXP_UNIX -O3 -Wall -Wcast-qual -Wwrite-strings -Wconversion -Wmissing-noreturn -Winline -DNOKOGIRI_USE_PACKAGED_LIBRARIES -DNOKOGIRI_LIBXML2_PATH='"/root/rails_projects/sample_app/vendor/bundle/ruby/2.0.0/gems/nokogiri-1.6.0/ports/x86_64-redhat-linux/libxml2/2.8.0"' -DNOKOGIRI_LIBXSLT_PATH='"/root/rails_projects/sample_app/vendor/bundle/ruby/2.0.0/gems/nokogiri-1.6.0/ports/x86_64-redhat-linux/libxslt/1.1.26"' conftest.c  -L. -L/usr/local/rvm/rubies/ruby-2.0.0-p353/lib -Wl,-R/usr/local/rvm/rubies/ruby-2.0.0-p353/lib -L/root/rails_projects/sample_app/vendor/bundle/ruby/2.0.0/gems/nokogiri-1.6.0/ports/x86_64-redhat-linux/libxml2/2.8.0/lib -Wl,-R/root/rails_projects/sample_app/vendor/bundle/ruby/2.0.0/gems/nokogiri-1.6.0/ports/x86_64-redhat-linux/libxml2/2.8.0/lib -L/root/rails_projects/sample_app/vendor/bundle/ruby/2.0.0/gems/nokogiri-1.6.0/ports/x86_64-redhat-linux/libxslt/1.1.26/lib -Wl,-R/root/rails_projects/sample_app/vendor/bundle/ruby/2.0.0/gems/nokogiri-1.6.0/ports/x86_64-redhat-linux/libxslt/1.1.26/lib -L. -fstack-protector -rdynamic -Wl,-export-dynamic -Wl,-rpath,/root/rails_projects/sample_app/vendor/bundle/ruby/2.0.0/gems/nokogiri-1.6.0/ports/x86_64-redhat-linux/libxml2/2.8.0/lib -Wl,-rpath,/root/rails_projects/sample_app/vendor/bundle/ruby/2.0.0/gems/nokogiri-1.6.0/ports/x86_64-redhat-linux/libxslt/1.1.26/lib    -lexslt -lxslt -lxml2  '-Wl,-rpath,/../lib' -Wl,-R -Wl,/usr/local/rvm/rubies/ruby-2.0.0-p353/lib -L/usr/local/rvm/rubies/ruby-2.0.0-p353/lib -lruby -lexslt -lxslt -lxml2  -lpthread -lrt -ldl -lcrypt -lm   -lc "
In file included from /usr/local/rvm/rubies/ruby-2.0.0-p353/include/ruby-2.0.0/ruby.h:33,
                 from conftest.c:1:
/usr/local/rvm/rubies/ruby-2.0.0-p353/include/ruby-2.0.0/ruby/ruby.h: In function ‘rb_float_value’:
/usr/local/rvm/rubies/ruby-2.0.0-p353/include/ruby-2.0.0/ruby/ruby.h:777: warning: negative integer implicitly converted to unsigned type
/usr/local/rvm/rubies/ruby-2.0.0-p353/include/ruby-2.0.0/ruby/ruby.h:777: warning: negative integer implicitly converted to unsigned type
conftest.c: In function ‘t’:
conftest.c:5: warning: implicit declaration of function ‘xmlRelaxNGSetParserStructuredErrors’
conftest.c: In function ‘main’:
conftest.c:6: warning: unused parameter ‘argv’
checked program was:
/* begin */
 1: #include "ruby.h"
 2: 
 3: /*top*/
 4: extern int t(void);
 5: int t(void) { xmlRelaxNGSetParserStructuredErrors(); return 0; }
 6: int main(int argc, char **argv)
 7: {
 8:   if (argc > 1000000) {
 9:     printf("%p", &t);
10:   }
11: 
12:   return 0;
13: }
/* end */

--------------------

have_func: checking for xmlRelaxNGSetValidStructuredErrors()... -------------------- yes

"gcc -o conftest -I/usr/local/rvm/rubies/ruby-2.0.0-p353/include/ruby-2.0.0/x86_64-linux -I/usr/local/rvm/rubies/ruby-2.0.0-p353/include/ruby-2.0.0/ruby/backward -I/usr/local/rvm/rubies/ruby-2.0.0-p353/include/ruby-2.0.0 -I. -I/root/rails_projects/sample_app/vendor/bundle/ruby/2.0.0/gems/nokogiri-1.6.0/ports/x86_64-redhat-linux/libxml2/2.8.0/include/libxml2 -I/root/rails_projects/sample_app/vendor/bundle/ruby/2.0.0/gems/nokogiri-1.6.0/ports/x86_64-redhat-linux/libxml2/2.8.0/include -I/root/rails_projects/sample_app/vendor/bundle/ruby/2.0.0/gems/nokogiri-1.6.0/ports/x86_64-redhat-linux/libxslt/1.1.26/include     -O3 -fno-fast-math -ggdb3 -Wall -Wextra -Wno-unused-parameter -Wno-parentheses -Wno-long-long -Wno-missing-field-initializers -Wunused-variable -Wpointer-arith -Wwrite-strings -Wdeclaration-after-statement -Wimplicit-function-declaration  -fPIC  -g -DXP_UNIX -O3 -Wall -Wcast-qual -Wwrite-strings -Wconversion -Wmissing-noreturn -Winline -DNOKOGIRI_USE_PACKAGED_LIBRARIES -DNOKOGIRI_LIBXML2_PATH='"/root/rails_projects/sample_app/vendor/bundle/ruby/2.0.0/gems/nokogiri-1.6.0/ports/x86_64-redhat-linux/libxml2/2.8.0"' -DNOKOGIRI_LIBXSLT_PATH='"/root/rails_projects/sample_app/vendor/bundle/ruby/2.0.0/gems/nokogiri-1.6.0/ports/x86_64-redhat-linux/libxslt/1.1.26"' conftest.c  -L. -L/usr/local/rvm/rubies/ruby-2.0.0-p353/lib -Wl,-R/usr/local/rvm/rubies/ruby-2.0.0-p353/lib -L/root/rails_projects/sample_app/vendor/bundle/ruby/2.0.0/gems/nokogiri-1.6.0/ports/x86_64-redhat-linux/libxml2/2.8.0/lib -Wl,-R/root/rails_projects/sample_app/vendor/bundle/ruby/2.0.0/gems/nokogiri-1.6.0/ports/x86_64-redhat-linux/libxml2/2.8.0/lib -L/root/rails_projects/sample_app/vendor/bundle/ruby/2.0.0/gems/nokogiri-1.6.0/ports/x86_64-redhat-linux/libxslt/1.1.26/lib -Wl,-R/root/rails_projects/sample_app/vendor/bundle/ruby/2.0.0/gems/nokogiri-1.6.0/ports/x86_64-redhat-linux/libxslt/1.1.26/lib -L. -fstack-protector -rdynamic -Wl,-export-dynamic -Wl,-rpath,/root/rails_projects/sample_app/vendor/bundle/ruby/2.0.0/gems/nokogiri-1.6.0/ports/x86_64-redhat-linux/libxml2/2.8.0/lib -Wl,-rpath,/root/rails_projects/sample_app/vendor/bundle/ruby/2.0.0/gems/nokogiri-1.6.0/ports/x86_64-redhat-linux/libxslt/1.1.26/lib    -lexslt -lxslt -lxml2  '-Wl,-rpath,/../lib' -Wl,-R -Wl,/usr/local/rvm/rubies/ruby-2.0.0-p353/lib -L/usr/local/rvm/rubies/ruby-2.0.0-p353/lib -lruby -lexslt -lxslt -lxml2  -lpthread -lrt -ldl -lcrypt -lm   -lc "
In file included from /usr/local/rvm/rubies/ruby-2.0.0-p353/include/ruby-2.0.0/ruby.h:33,
                 from conftest.c:1:
/usr/local/rvm/rubies/ruby-2.0.0-p353/include/ruby-2.0.0/ruby/ruby.h: In function ‘rb_float_value’:
/usr/local/rvm/rubies/ruby-2.0.0-p353/include/ruby-2.0.0/ruby/ruby.h:777: warning: negative integer implicitly converted to unsigned type
/usr/local/rvm/rubies/ruby-2.0.0-p353/include/ruby-2.0.0/ruby/ruby.h:777: warning: negative integer implicitly converted to unsigned type
conftest.c: In function ‘t’:
conftest.c:5: error: ‘xmlRelaxNGSetValidStructuredErrors’ undeclared (first use in this function)
conftest.c:5: error: (Each undeclared identifier is reported only once
conftest.c:5: error: for each function it appears in.)
conftest.c: In function ‘main’:
conftest.c:6: warning: unused parameter ‘argv’
checked program was:
/* begin */
 1: #include "ruby.h"
 2: 
 3: /*top*/
 4: extern int t(void);
 5: int t(void) { void ((*volatile p)()); p = (void ((*)()))xmlRelaxNGSetValidStructuredErrors; return 0; }
 6: int main(int argc, char **argv)
 7: {
 8:   if (argc > 1000000) {
 9:     printf("%p", &t);
10:   }
11: 
12:   return 0;
13: }
/* end */

"gcc -o conftest -I/usr/local/rvm/rubies/ruby-2.0.0-p353/include/ruby-2.0.0/x86_64-linux -I/usr/local/rvm/rubies/ruby-2.0.0-p353/include/ruby-2.0.0/ruby/backward -I/usr/local/rvm/rubies/ruby-2.0.0-p353/include/ruby-2.0.0 -I. -I/root/rails_projects/sample_app/vendor/bundle/ruby/2.0.0/gems/nokogiri-1.6.0/ports/x86_64-redhat-linux/libxml2/2.8.0/include/libxml2 -I/root/rails_projects/sample_app/vendor/bundle/ruby/2.0.0/gems/nokogiri-1.6.0/ports/x86_64-redhat-linux/libxml2/2.8.0/include -I/root/rails_projects/sample_app/vendor/bundle/ruby/2.0.0/gems/nokogiri-1.6.0/ports/x86_64-redhat-linux/libxslt/1.1.26/include     -O3 -fno-fast-math -ggdb3 -Wall -Wextra -Wno-unused-parameter -Wno-parentheses -Wno-long-long -Wno-missing-field-initializers -Wunused-variable -Wpointer-arith -Wwrite-strings -Wdeclaration-after-statement -Wimplicit-function-declaration  -fPIC  -g -DXP_UNIX -O3 -Wall -Wcast-qual -Wwrite-strings -Wconversion -Wmissing-noreturn -Winline -DNOKOGIRI_USE_PACKAGED_LIBRARIES -DNOKOGIRI_LIBXML2_PATH='"/root/rails_projects/sample_app/vendor/bundle/ruby/2.0.0/gems/nokogiri-1.6.0/ports/x86_64-redhat-linux/libxml2/2.8.0"' -DNOKOGIRI_LIBXSLT_PATH='"/root/rails_projects/sample_app/vendor/bundle/ruby/2.0.0/gems/nokogiri-1.6.0/ports/x86_64-redhat-linux/libxslt/1.1.26"' conftest.c  -L. -L/usr/local/rvm/rubies/ruby-2.0.0-p353/lib -Wl,-R/usr/local/rvm/rubies/ruby-2.0.0-p353/lib -L/root/rails_projects/sample_app/vendor/bundle/ruby/2.0.0/gems/nokogiri-1.6.0/ports/x86_64-redhat-linux/libxml2/2.8.0/lib -Wl,-R/root/rails_projects/sample_app/vendor/bundle/ruby/2.0.0/gems/nokogiri-1.6.0/ports/x86_64-redhat-linux/libxml2/2.8.0/lib -L/root/rails_projects/sample_app/vendor/bundle/ruby/2.0.0/gems/nokogiri-1.6.0/ports/x86_64-redhat-linux/libxslt/1.1.26/lib -Wl,-R/root/rails_projects/sample_app/vendor/bundle/ruby/2.0.0/gems/nokogiri-1.6.0/ports/x86_64-redhat-linux/libxslt/1.1.26/lib -L. -fstack-protector -rdynamic -Wl,-export-dynamic -Wl,-rpath,/root/rails_projects/sample_app/vendor/bundle/ruby/2.0.0/gems/nokogiri-1.6.0/ports/x86_64-redhat-linux/libxml2/2.8.0/lib -Wl,-rpath,/root/rails_projects/sample_app/vendor/bundle/ruby/2.0.0/gems/nokogiri-1.6.0/ports/x86_64-redhat-linux/libxslt/1.1.26/lib    -lexslt -lxslt -lxml2  '-Wl,-rpath,/../lib' -Wl,-R -Wl,/usr/local/rvm/rubies/ruby-2.0.0-p353/lib -L/usr/local/rvm/rubies/ruby-2.0.0-p353/lib -lruby -lexslt -lxslt -lxml2  -lpthread -lrt -ldl -lcrypt -lm   -lc "
In file included from /usr/local/rvm/rubies/ruby-2.0.0-p353/include/ruby-2.0.0/ruby.h:33,
                 from conftest.c:1:
/usr/local/rvm/rubies/ruby-2.0.0-p353/include/ruby-2.0.0/ruby/ruby.h: In function ‘rb_float_value’:
/usr/local/rvm/rubies/ruby-2.0.0-p353/include/ruby-2.0.0/ruby/ruby.h:777: warning: negative integer implicitly converted to unsigned type
/usr/local/rvm/rubies/ruby-2.0.0-p353/include/ruby-2.0.0/ruby/ruby.h:777: warning: negative integer implicitly converted to unsigned type
conftest.c: In function ‘t’:
conftest.c:5: warning: implicit declaration of function ‘xmlRelaxNGSetValidStructuredErrors’
conftest.c: In function ‘main’:
conftest.c:6: warning: unused parameter ‘argv’
checked program was:
/* begin */
 1: #include "ruby.h"
 2: 
 3: /*top*/
 4: extern int t(void);
 5: int t(void) { xmlRelaxNGSetValidStructuredErrors(); return 0; }
 6: int main(int argc, char **argv)
 7: {
 8:   if (argc > 1000000) {
 9:     printf("%p", &t);
10:   }
11: 
12:   return 0;
13: }
/* end */

--------------------

have_func: checking for xmlSchemaSetValidStructuredErrors()... -------------------- yes

"gcc -o conftest -I/usr/local/rvm/rubies/ruby-2.0.0-p353/include/ruby-2.0.0/x86_64-linux -I/usr/local/rvm/rubies/ruby-2.0.0-p353/include/ruby-2.0.0/ruby/backward -I/usr/local/rvm/rubies/ruby-2.0.0-p353/include/ruby-2.0.0 -I. -I/root/rails_projects/sample_app/vendor/bundle/ruby/2.0.0/gems/nokogiri-1.6.0/ports/x86_64-redhat-linux/libxml2/2.8.0/include/libxml2 -I/root/rails_projects/sample_app/vendor/bundle/ruby/2.0.0/gems/nokogiri-1.6.0/ports/x86_64-redhat-linux/libxml2/2.8.0/include -I/root/rails_projects/sample_app/vendor/bundle/ruby/2.0.0/gems/nokogiri-1.6.0/ports/x86_64-redhat-linux/libxslt/1.1.26/include     -O3 -fno-fast-math -ggdb3 -Wall -Wextra -Wno-unused-parameter -Wno-parentheses -Wno-long-long -Wno-missing-field-initializers -Wunused-variable -Wpointer-arith -Wwrite-strings -Wdeclaration-after-statement -Wimplicit-function-declaration  -fPIC  -g -DXP_UNIX -O3 -Wall -Wcast-qual -Wwrite-strings -Wconversion -Wmissing-noreturn -Winline -DNOKOGIRI_USE_PACKAGED_LIBRARIES -DNOKOGIRI_LIBXML2_PATH='"/root/rails_projects/sample_app/vendor/bundle/ruby/2.0.0/gems/nokogiri-1.6.0/ports/x86_64-redhat-linux/libxml2/2.8.0"' -DNOKOGIRI_LIBXSLT_PATH='"/root/rails_projects/sample_app/vendor/bundle/ruby/2.0.0/gems/nokogiri-1.6.0/ports/x86_64-redhat-linux/libxslt/1.1.26"' conftest.c  -L. -L/usr/local/rvm/rubies/ruby-2.0.0-p353/lib -Wl,-R/usr/local/rvm/rubies/ruby-2.0.0-p353/lib -L/root/rails_projects/sample_app/vendor/bundle/ruby/2.0.0/gems/nokogiri-1.6.0/ports/x86_64-redhat-linux/libxml2/2.8.0/lib -Wl,-R/root/rails_projects/sample_app/vendor/bundle/ruby/2.0.0/gems/nokogiri-1.6.0/ports/x86_64-redhat-linux/libxml2/2.8.0/lib -L/root/rails_projects/sample_app/vendor/bundle/ruby/2.0.0/gems/nokogiri-1.6.0/ports/x86_64-redhat-linux/libxslt/1.1.26/lib -Wl,-R/root/rails_projects/sample_app/vendor/bundle/ruby/2.0.0/gems/nokogiri-1.6.0/ports/x86_64-redhat-linux/libxslt/1.1.26/lib -L. -fstack-protector -rdynamic -Wl,-export-dynamic -Wl,-rpath,/root/rails_projects/sample_app/vendor/bundle/ruby/2.0.0/gems/nokogiri-1.6.0/ports/x86_64-redhat-linux/libxml2/2.8.0/lib -Wl,-rpath,/root/rails_projects/sample_app/vendor/bundle/ruby/2.0.0/gems/nokogiri-1.6.0/ports/x86_64-redhat-linux/libxslt/1.1.26/lib    -lexslt -lxslt -lxml2  '-Wl,-rpath,/../lib' -Wl,-R -Wl,/usr/local/rvm/rubies/ruby-2.0.0-p353/lib -L/usr/local/rvm/rubies/ruby-2.0.0-p353/lib -lruby -lexslt -lxslt -lxml2  -lpthread -lrt -ldl -lcrypt -lm   -lc "
In file included from /usr/local/rvm/rubies/ruby-2.0.0-p353/include/ruby-2.0.0/ruby.h:33,
                 from conftest.c:1:
/usr/local/rvm/rubies/ruby-2.0.0-p353/include/ruby-2.0.0/ruby/ruby.h: In function ‘rb_float_value’:
/usr/local/rvm/rubies/ruby-2.0.0-p353/include/ruby-2.0.0/ruby/ruby.h:777: warning: negative integer implicitly converted to unsigned type
/usr/local/rvm/rubies/ruby-2.0.0-p353/include/ruby-2.0.0/ruby/ruby.h:777: warning: negative integer implicitly converted to unsigned type
conftest.c: In function ‘t’:
conftest.c:5: error: ‘xmlSchemaSetValidStructuredErrors’ undeclared (first use in this function)
conftest.c:5: error: (Each undeclared identifier is reported only once
conftest.c:5: error: for each function it appears in.)
conftest.c: In function ‘main’:
conftest.c:6: warning: unused parameter ‘argv’
checked program was:
/* begin */
 1: #include "ruby.h"
 2: 
 3: /*top*/
 4: extern int t(void);
 5: int t(void) { void ((*volatile p)()); p = (void ((*)()))xmlSchemaSetValidStructuredErrors; return 0; }
 6: int main(int argc, char **argv)
 7: {
 8:   if (argc > 1000000) {
 9:     printf("%p", &t);
10:   }
11: 
12:   return 0;
13: }
/* end */

"gcc -o conftest -I/usr/local/rvm/rubies/ruby-2.0.0-p353/include/ruby-2.0.0/x86_64-linux -I/usr/local/rvm/rubies/ruby-2.0.0-p353/include/ruby-2.0.0/ruby/backward -I/usr/local/rvm/rubies/ruby-2.0.0-p353/include/ruby-2.0.0 -I. -I/root/rails_projects/sample_app/vendor/bundle/ruby/2.0.0/gems/nokogiri-1.6.0/ports/x86_64-redhat-linux/libxml2/2.8.0/include/libxml2 -I/root/rails_projects/sample_app/vendor/bundle/ruby/2.0.0/gems/nokogiri-1.6.0/ports/x86_64-redhat-linux/libxml2/2.8.0/include -I/root/rails_projects/sample_app/vendor/bundle/ruby/2.0.0/gems/nokogiri-1.6.0/ports/x86_64-redhat-linux/libxslt/1.1.26/include     -O3 -fno-fast-math -ggdb3 -Wall -Wextra -Wno-unused-parameter -Wno-parentheses -Wno-long-long -Wno-missing-field-initializers -Wunused-variable -Wpointer-arith -Wwrite-strings -Wdeclaration-after-statement -Wimplicit-function-declaration  -fPIC  -g -DXP_UNIX -O3 -Wall -Wcast-qual -Wwrite-strings -Wconversion -Wmissing-noreturn -Winline -DNOKOGIRI_USE_PACKAGED_LIBRARIES -DNOKOGIRI_LIBXML2_PATH='"/root/rails_projects/sample_app/vendor/bundle/ruby/2.0.0/gems/nokogiri-1.6.0/ports/x86_64-redhat-linux/libxml2/2.8.0"' -DNOKOGIRI_LIBXSLT_PATH='"/root/rails_projects/sample_app/vendor/bundle/ruby/2.0.0/gems/nokogiri-1.6.0/ports/x86_64-redhat-linux/libxslt/1.1.26"' conftest.c  -L. -L/usr/local/rvm/rubies/ruby-2.0.0-p353/lib -Wl,-R/usr/local/rvm/rubies/ruby-2.0.0-p353/lib -L/root/rails_projects/sample_app/vendor/bundle/ruby/2.0.0/gems/nokogiri-1.6.0/ports/x86_64-redhat-linux/libxml2/2.8.0/lib -Wl,-R/root/rails_projects/sample_app/vendor/bundle/ruby/2.0.0/gems/nokogiri-1.6.0/ports/x86_64-redhat-linux/libxml2/2.8.0/lib -L/root/rails_projects/sample_app/vendor/bundle/ruby/2.0.0/gems/nokogiri-1.6.0/ports/x86_64-redhat-linux/libxslt/1.1.26/lib -Wl,-R/root/rails_projects/sample_app/vendor/bundle/ruby/2.0.0/gems/nokogiri-1.6.0/ports/x86_64-redhat-linux/libxslt/1.1.26/lib -L. -fstack-protector -rdynamic -Wl,-export-dynamic -Wl,-rpath,/root/rails_projects/sample_app/vendor/bundle/ruby/2.0.0/gems/nokogiri-1.6.0/ports/x86_64-redhat-linux/libxml2/2.8.0/lib -Wl,-rpath,/root/rails_projects/sample_app/vendor/bundle/ruby/2.0.0/gems/nokogiri-1.6.0/ports/x86_64-redhat-linux/libxslt/1.1.26/lib    -lexslt -lxslt -lxml2  '-Wl,-rpath,/../lib' -Wl,-R -Wl,/usr/local/rvm/rubies/ruby-2.0.0-p353/lib -L/usr/local/rvm/rubies/ruby-2.0.0-p353/lib -lruby -lexslt -lxslt -lxml2  -lpthread -lrt -ldl -lcrypt -lm   -lc "
In file included from /usr/local/rvm/rubies/ruby-2.0.0-p353/include/ruby-2.0.0/ruby.h:33,
                 from conftest.c:1:
/usr/local/rvm/rubies/ruby-2.0.0-p353/include/ruby-2.0.0/ruby/ruby.h: In function ‘rb_float_value’:
/usr/local/rvm/rubies/ruby-2.0.0-p353/include/ruby-2.0.0/ruby/ruby.h:777: warning: negative integer implicitly converted to unsigned type
/usr/local/rvm/rubies/ruby-2.0.0-p353/include/ruby-2.0.0/ruby/ruby.h:777: warning: negative integer implicitly converted to unsigned type
conftest.c: In function ‘t’:
conftest.c:5: warning: implicit declaration of function ‘xmlSchemaSetValidStructuredErrors’
conftest.c: In function ‘main’:
conftest.c:6: warning: unused parameter ‘argv’
checked program was:
/* begin */
 1: #include "ruby.h"
 2: 
 3: /*top*/
 4: extern int t(void);
 5: int t(void) { xmlSchemaSetValidStructuredErrors(); return 0; }
 6: int main(int argc, char **argv)
 7: {
 8:   if (argc > 1000000) {
 9:     printf("%p", &t);
10:   }
11: 
12:   return 0;
13: }
/* end */

--------------------

have_func: checking for xmlSchemaSetParserStructuredErrors()... -------------------- yes

"gcc -o conftest -I/usr/local/rvm/rubies/ruby-2.0.0-p353/include/ruby-2.0.0/x86_64-linux -I/usr/local/rvm/rubies/ruby-2.0.0-p353/include/ruby-2.0.0/ruby/backward -I/usr/local/rvm/rubies/ruby-2.0.0-p353/include/ruby-2.0.0 -I. -I/root/rails_projects/sample_app/vendor/bundle/ruby/2.0.0/gems/nokogiri-1.6.0/ports/x86_64-redhat-linux/libxml2/2.8.0/include/libxml2 -I/root/rails_projects/sample_app/vendor/bundle/ruby/2.0.0/gems/nokogiri-1.6.0/ports/x86_64-redhat-linux/libxml2/2.8.0/include -I/root/rails_projects/sample_app/vendor/bundle/ruby/2.0.0/gems/nokogiri-1.6.0/ports/x86_64-redhat-linux/libxslt/1.1.26/include     -O3 -fno-fast-math -ggdb3 -Wall -Wextra -Wno-unused-parameter -Wno-parentheses -Wno-long-long -Wno-missing-field-initializers -Wunused-variable -Wpointer-arith -Wwrite-strings -Wdeclaration-after-statement -Wimplicit-function-declaration  -fPIC  -g -DXP_UNIX -O3 -Wall -Wcast-qual -Wwrite-strings -Wconversion -Wmissing-noreturn -Winline -DNOKOGIRI_USE_PACKAGED_LIBRARIES -DNOKOGIRI_LIBXML2_PATH='"/root/rails_projects/sample_app/vendor/bundle/ruby/2.0.0/gems/nokogiri-1.6.0/ports/x86_64-redhat-linux/libxml2/2.8.0"' -DNOKOGIRI_LIBXSLT_PATH='"/root/rails_projects/sample_app/vendor/bundle/ruby/2.0.0/gems/nokogiri-1.6.0/ports/x86_64-redhat-linux/libxslt/1.1.26"' conftest.c  -L. -L/usr/local/rvm/rubies/ruby-2.0.0-p353/lib -Wl,-R/usr/local/rvm/rubies/ruby-2.0.0-p353/lib -L/root/rails_projects/sample_app/vendor/bundle/ruby/2.0.0/gems/nokogiri-1.6.0/ports/x86_64-redhat-linux/libxml2/2.8.0/lib -Wl,-R/root/rails_projects/sample_app/vendor/bundle/ruby/2.0.0/gems/nokogiri-1.6.0/ports/x86_64-redhat-linux/libxml2/2.8.0/lib -L/root/rails_projects/sample_app/vendor/bundle/ruby/2.0.0/gems/nokogiri-1.6.0/ports/x86_64-redhat-linux/libxslt/1.1.26/lib -Wl,-R/root/rails_projects/sample_app/vendor/bundle/ruby/2.0.0/gems/nokogiri-1.6.0/ports/x86_64-redhat-linux/libxslt/1.1.26/lib -L. -fstack-protector -rdynamic -Wl,-export-dynamic -Wl,-rpath,/root/rails_projects/sample_app/vendor/bundle/ruby/2.0.0/gems/nokogiri-1.6.0/ports/x86_64-redhat-linux/libxml2/2.8.0/lib -Wl,-rpath,/root/rails_projects/sample_app/vendor/bundle/ruby/2.0.0/gems/nokogiri-1.6.0/ports/x86_64-redhat-linux/libxslt/1.1.26/lib    -lexslt -lxslt -lxml2  '-Wl,-rpath,/../lib' -Wl,-R -Wl,/usr/local/rvm/rubies/ruby-2.0.0-p353/lib -L/usr/local/rvm/rubies/ruby-2.0.0-p353/lib -lruby -lexslt -lxslt -lxml2  -lpthread -lrt -ldl -lcrypt -lm   -lc "
In file included from /usr/local/rvm/rubies/ruby-2.0.0-p353/include/ruby-2.0.0/ruby.h:33,
                 from conftest.c:1:
/usr/local/rvm/rubies/ruby-2.0.0-p353/include/ruby-2.0.0/ruby/ruby.h: In function ‘rb_float_value’:
/usr/local/rvm/rubies/ruby-2.0.0-p353/include/ruby-2.0.0/ruby/ruby.h:777: warning: negative integer implicitly converted to unsigned type
/usr/local/rvm/rubies/ruby-2.0.0-p353/include/ruby-2.0.0/ruby/ruby.h:777: warning: negative integer implicitly converted to unsigned type
conftest.c: In function ‘t’:
conftest.c:5: error: ‘xmlSchemaSetParserStructuredErrors’ undeclared (first use in this function)
conftest.c:5: error: (Each undeclared identifier is reported only once
conftest.c:5: error: for each function it appears in.)
conftest.c: In function ‘main’:
conftest.c:6: warning: unused parameter ‘argv’
checked program was:
/* begin */
 1: #include "ruby.h"
 2: 
 3: /*top*/
 4: extern int t(void);
 5: int t(void) { void ((*volatile p)()); p = (void ((*)()))xmlSchemaSetParserStructuredErrors; return 0; }
 6: int main(int argc, char **argv)
 7: {
 8:   if (argc > 1000000) {
 9:     printf("%p", &t);
10:   }
11: 
12:   return 0;
13: }
/* end */

"gcc -o conftest -I/usr/local/rvm/rubies/ruby-2.0.0-p353/include/ruby-2.0.0/x86_64-linux -I/usr/local/rvm/rubies/ruby-2.0.0-p353/include/ruby-2.0.0/ruby/backward -I/usr/local/rvm/rubies/ruby-2.0.0-p353/include/ruby-2.0.0 -I. -I/root/rails_projects/sample_app/vendor/bundle/ruby/2.0.0/gems/nokogiri-1.6.0/ports/x86_64-redhat-linux/libxml2/2.8.0/include/libxml2 -I/root/rails_projects/sample_app/vendor/bundle/ruby/2.0.0/gems/nokogiri-1.6.0/ports/x86_64-redhat-linux/libxml2/2.8.0/include -I/root/rails_projects/sample_app/vendor/bundle/ruby/2.0.0/gems/nokogiri-1.6.0/ports/x86_64-redhat-linux/libxslt/1.1.26/include     -O3 -fno-fast-math -ggdb3 -Wall -Wextra -Wno-unused-parameter -Wno-parentheses -Wno-long-long -Wno-missing-field-initializers -Wunused-variable -Wpointer-arith -Wwrite-strings -Wdeclaration-after-statement -Wimplicit-function-declaration  -fPIC  -g -DXP_UNIX -O3 -Wall -Wcast-qual -Wwrite-strings -Wconversion -Wmissing-noreturn -Winline -DNOKOGIRI_USE_PACKAGED_LIBRARIES -DNOKOGIRI_LIBXML2_PATH='"/root/rails_projects/sample_app/vendor/bundle/ruby/2.0.0/gems/nokogiri-1.6.0/ports/x86_64-redhat-linux/libxml2/2.8.0"' -DNOKOGIRI_LIBXSLT_PATH='"/root/rails_projects/sample_app/vendor/bundle/ruby/2.0.0/gems/nokogiri-1.6.0/ports/x86_64-redhat-linux/libxslt/1.1.26"' conftest.c  -L. -L/usr/local/rvm/rubies/ruby-2.0.0-p353/lib -Wl,-R/usr/local/rvm/rubies/ruby-2.0.0-p353/lib -L/root/rails_projects/sample_app/vendor/bundle/ruby/2.0.0/gems/nokogiri-1.6.0/ports/x86_64-redhat-linux/libxml2/2.8.0/lib -Wl,-R/root/rails_projects/sample_app/vendor/bundle/ruby/2.0.0/gems/nokogiri-1.6.0/ports/x86_64-redhat-linux/libxml2/2.8.0/lib -L/root/rails_projects/sample_app/vendor/bundle/ruby/2.0.0/gems/nokogiri-1.6.0/ports/x86_64-redhat-linux/libxslt/1.1.26/lib -Wl,-R/root/rails_projects/sample_app/vendor/bundle/ruby/2.0.0/gems/nokogiri-1.6.0/ports/x86_64-redhat-linux/libxslt/1.1.26/lib -L. -fstack-protector -rdynamic -Wl,-export-dynamic -Wl,-rpath,/root/rails_projects/sample_app/vendor/bundle/ruby/2.0.0/gems/nokogiri-1.6.0/ports/x86_64-redhat-linux/libxml2/2.8.0/lib -Wl,-rpath,/root/rails_projects/sample_app/vendor/bundle/ruby/2.0.0/gems/nokogiri-1.6.0/ports/x86_64-redhat-linux/libxslt/1.1.26/lib    -lexslt -lxslt -lxml2  '-Wl,-rpath,/../lib' -Wl,-R -Wl,/usr/local/rvm/rubies/ruby-2.0.0-p353/lib -L/usr/local/rvm/rubies/ruby-2.0.0-p353/lib -lruby -lexslt -lxslt -lxml2  -lpthread -lrt -ldl -lcrypt -lm   -lc "
In file included from /usr/local/rvm/rubies/ruby-2.0.0-p353/include/ruby-2.0.0/ruby.h:33,
                 from conftest.c:1:
/usr/local/rvm/rubies/ruby-2.0.0-p353/include/ruby-2.0.0/ruby/ruby.h: In function ‘rb_float_value’:
/usr/local/rvm/rubies/ruby-2.0.0-p353/include/ruby-2.0.0/ruby/ruby.h:777: warning: negative integer implicitly converted to unsigned type
/usr/local/rvm/rubies/ruby-2.0.0-p353/include/ruby-2.0.0/ruby/ruby.h:777: warning: negative integer implicitly converted to unsigned type
conftest.c: In function ‘t’:
conftest.c:5: warning: implicit declaration of function ‘xmlSchemaSetParserStructuredErrors’
conftest.c: In function ‘main’:
conftest.c:6: warning: unused parameter ‘argv’
checked program was:
/* begin */
 1: #include "ruby.h"
 2: 
 3: /*top*/
 4: extern int t(void);
 5: int t(void) { xmlSchemaSetParserStructuredErrors(); return 0; }
 6: int main(int argc, char **argv)
 7: {
 8:   if (argc > 1000000) {
 9:     printf("%p", &t);
10:   }
11: 
12:   return 0;
13: }
/* end */

--------------------

